{"meta": {"format": 3, "version": "7.12.0", "timestamp": "2025-12-01T20:49:26.261959", "branch_coverage": false, "show_contexts": false}, "files": {"src\\investment_platform\\__init__.py": {"executed_lines": [1, 3], "summary": {"covered_lines": 1, "num_statements": 1, "percent_covered": 100.0, "percent_covered_display": "100", "missing_lines": 0, "excluded_lines": 0, "percent_statements_covered": 100.0, "percent_statements_covered_display": "100"}, "missing_lines": [], "excluded_lines": [], "functions": {"": {"executed_lines": [1, 3], "summary": {"covered_lines": 1, "num_statements": 1, "percent_covered": 100.0, "percent_covered_display": "100", "missing_lines": 0, "excluded_lines": 0, "percent_statements_covered": 100.0, "percent_statements_covered_display": "100"}, "missing_lines": [], "excluded_lines": []}}, "classes": {"": {"executed_lines": [1, 3], "summary": {"covered_lines": 1, "num_statements": 1, "percent_covered": 100.0, "percent_covered_display": "100", "missing_lines": 0, "excluded_lines": 0, "percent_statements_covered": 100.0, "percent_statements_covered_display": "100"}, "missing_lines": [], "excluded_lines": []}}}, "src\\investment_platform\\api\\__init__.py": {"executed_lines": [1, 3], "summary": {"covered_lines": 1, "num_statements": 1, "percent_covered": 100.0, "percent_covered_display": "100", "missing_lines": 0, "excluded_lines": 0, "percent_statements_covered": 100.0, "percent_statements_covered_display": "100"}, "missing_lines": [], "excluded_lines": [], "functions": {"": {"executed_lines": [1, 3], "summary": {"covered_lines": 1, "num_statements": 1, "percent_covered": 100.0, "percent_covered_display": "100", "missing_lines": 0, "excluded_lines": 0, "percent_statements_covered": 100.0, "percent_statements_covered_display": "100"}, "missing_lines": [], "excluded_lines": []}}, "classes": {"": {"executed_lines": [1, 3], "summary": {"covered_lines": 1, "num_statements": 1, "percent_covered": 100.0, "percent_covered_display": "100", "missing_lines": 0, "excluded_lines": 0, "percent_statements_covered": 100.0, "percent_statements_covered_display": "100"}, "missing_lines": [], "excluded_lines": []}}}, "src\\investment_platform\\api\\main.py": {"executed_lines": [1, 3, 4, 5, 6, 7, 9, 14, 20, 21], "summary": {"covered_lines": 9, "num_statements": 60, "percent_covered": 15.0, "percent_covered_display": "15", "missing_lines": 51, "excluded_lines": 0, "percent_statements_covered": 15.0, "percent_statements_covered_display": "15"}, "missing_lines": [23, 26, 27, 30, 31, 34, 35, 37, 38, 39, 41, 42, 45, 46, 49, 50, 53, 54, 55, 60, 62, 63, 65, 67, 70, 73, 74, 75, 76, 77, 78, 79, 84, 85, 89, 97, 106, 107, 108, 109, 112, 115, 116, 118, 121, 122, 124, 131, 132, 134, 135], "excluded_lines": [], "functions": {"lifespan": {"executed_lines": [], "summary": {"covered_lines": 0, "num_statements": 31, "percent_covered": 0.0, "percent_covered_display": "0", "missing_lines": 31, "excluded_lines": 0, "percent_statements_covered": 0.0, "percent_statements_covered_display": "0"}, "missing_lines": [30, 31, 34, 35, 37, 38, 39, 41, 42, 45, 46, 49, 50, 53, 54, 55, 60, 62, 63, 65, 67, 70, 73, 74, 75, 76, 77, 78, 79, 84, 85], "excluded_lines": []}, "health_check": {"executed_lines": [], "summary": {"covered_lines": 0, "num_statements": 1, "percent_covered": 0.0, "percent_covered_display": "0", "missing_lines": 1, "excluded_lines": 0, "percent_statements_covered": 0.0, "percent_statements_covered_display": "0"}, "missing_lines": [118], "excluded_lines": []}, "root": {"executed_lines": [], "summary": {"covered_lines": 0, "num_statements": 1, "percent_covered": 0.0, "percent_covered_display": "0", "missing_lines": 1, "excluded_lines": 0, "percent_statements_covered": 0.0, "percent_statements_covered_display": "0"}, "missing_lines": [124], "excluded_lines": []}, "get_metrics": {"executed_lines": [], "summary": {"covered_lines": 0, "num_statements": 2, "percent_covered": 0.0, "percent_covered_display": "0", "missing_lines": 2, "excluded_lines": 0, "percent_statements_covered": 0.0, "percent_statements_covered_display": "0"}, "missing_lines": [134, 135], "excluded_lines": []}, "": {"executed_lines": [1, 3, 4, 5, 6, 7, 9, 14, 20, 21], "summary": {"covered_lines": 9, "num_statements": 25, "percent_covered": 36.0, "percent_covered_display": "36", "missing_lines": 16, "excluded_lines": 0, "percent_statements_covered": 36.0, "percent_statements_covered_display": "36"}, "missing_lines": [23, 26, 27, 89, 97, 106, 107, 108, 109, 112, 115, 116, 121, 122, 131, 132], "excluded_lines": []}}, "classes": {"": {"executed_lines": [1, 3, 4, 5, 6, 7, 9, 14, 20, 21], "summary": {"covered_lines": 9, "num_statements": 60, "percent_covered": 15.0, "percent_covered_display": "15", "missing_lines": 51, "excluded_lines": 0, "percent_statements_covered": 15.0, "percent_statements_covered_display": "15"}, "missing_lines": [23, 26, 27, 30, 31, 34, 35, 37, 38, 39, 41, 42, 45, 46, 49, 50, 53, 54, 55, 60, 62, 63, 65, 67, 70, 73, 74, 75, 76, 77, 78, 79, 84, 85, 89, 97, 106, 107, 108, 109, 112, 115, 116, 118, 121, 122, 124, 131, 132, 134, 135], "excluded_lines": []}}}, "src\\investment_platform\\api\\metrics.py": {"executed_lines": [1, 3], "summary": {"covered_lines": 1, "num_statements": 24, "percent_covered": 4.166666666666667, "percent_covered_display": "4", "missing_lines": 23, "excluded_lines": 0, "percent_statements_covered": 4.166666666666667, "percent_statements_covered_display": "4"}, "missing_lines": [4, 7, 13, 19, 26, 32, 38, 44, 51, 53, 56, 63, 69, 75, 77, 80, 82, 83, 84, 87, 89, 92, 94], "excluded_lines": [], "functions": {"record_job_created": {"executed_lines": [], "summary": {"covered_lines": 0, "num_statements": 1, "percent_covered": 0.0, "percent_covered_display": "0", "missing_lines": 1, "excluded_lines": 0, "percent_statements_covered": 0.0, "percent_statements_covered_display": "0"}, "missing_lines": [53], "excluded_lines": []}, "record_job_execution": {"executed_lines": [], "summary": {"covered_lines": 0, "num_statements": 2, "percent_covered": 0.0, "percent_covered_display": "0", "missing_lines": 2, "excluded_lines": 0, "percent_statements_covered": 0.0, "percent_statements_covered_display": "0"}, "missing_lines": [63, 69], "excluded_lines": []}, "record_job_retry": {"executed_lines": [], "summary": {"covered_lines": 0, "num_statements": 1, "percent_covered": 0.0, "percent_covered_display": "0", "missing_lines": 1, "excluded_lines": 0, "percent_statements_covered": 0.0, "percent_statements_covered_display": "0"}, "missing_lines": [77], "excluded_lines": []}, "update_job_gauges": {"executed_lines": [], "summary": {"covered_lines": 0, "num_statements": 3, "percent_covered": 0.0, "percent_covered_display": "0", "missing_lines": 3, "excluded_lines": 0, "percent_statements_covered": 0.0, "percent_statements_covered_display": "0"}, "missing_lines": [82, 83, 84], "excluded_lines": []}, "get_metrics": {"executed_lines": [], "summary": {"covered_lines": 0, "num_statements": 1, "percent_covered": 0.0, "percent_covered_display": "0", "missing_lines": 1, "excluded_lines": 0, "percent_statements_covered": 0.0, "percent_statements_covered_display": "0"}, "missing_lines": [89], "excluded_lines": []}, "get_metrics_content_type": {"executed_lines": [], "summary": {"covered_lines": 0, "num_statements": 1, "percent_covered": 0.0, "percent_covered_display": "0", "missing_lines": 1, "excluded_lines": 0, "percent_statements_covered": 0.0, "percent_statements_covered_display": "0"}, "missing_lines": [94], "excluded_lines": []}, "": {"executed_lines": [1, 3], "summary": {"covered_lines": 1, "num_statements": 15, "percent_covered": 6.666666666666667, "percent_covered_display": "7", "missing_lines": 14, "excluded_lines": 0, "percent_statements_covered": 6.666666666666667, "percent_statements_covered_display": "7"}, "missing_lines": [4, 7, 13, 19, 26, 32, 38, 44, 51, 56, 75, 80, 87, 92], "excluded_lines": []}}, "classes": {"": {"executed_lines": [1, 3], "summary": {"covered_lines": 1, "num_statements": 24, "percent_covered": 4.166666666666667, "percent_covered_display": "4", "missing_lines": 23, "excluded_lines": 0, "percent_statements_covered": 4.166666666666667, "percent_statements_covered_display": "4"}, "missing_lines": [4, 7, 13, 19, 26, 32, 38, 44, 51, 53, 56, 63, 69, 75, 77, 80, 82, 83, 84, 87, 89, 92, 94], "excluded_lines": []}}}, "src\\investment_platform\\api\\models\\scheduler.py": {"executed_lines": [1, 3, 4, 5, 8, 9, 10, 13, 14, 15, 16, 17, 18, 19, 20, 21, 22, 23, 26, 27, 28, 29, 30, 31, 32, 33, 36, 37, 38, 39, 45, 46, 47, 48, 49, 50, 51, 52, 53, 54, 55, 56, 60, 65, 70, 76, 77, 78, 86, 87, 88, 89, 90, 91, 92, 93, 94, 95, 96, 97, 101, 102, 103, 106, 107, 108, 109, 110, 111, 112, 113, 114, 115, 116, 117, 118, 119, 120, 121, 122, 123, 124, 125, 127, 128, 131, 132, 133, 134, 135, 136, 137, 138, 139, 140, 141, 142, 143, 145, 146, 149, 150, 151, 152, 153, 154, 155, 156, 157, 158, 159, 160, 162, 163, 166, 167, 168, 169, 170, 171, 172, 173, 174, 177, 178, 179, 180, 181, 182, 185, 186, 187, 188, 189, 192, 193, 194, 195, 198, 199, 200, 201, 202, 203, 204, 205, 206, 207, 208, 209, 210, 211, 212, 213, 214, 217, 218, 219, 220, 221, 222, 223, 224, 225, 226, 227, 228, 229, 230, 231, 232, 235, 236, 237, 238, 239, 240, 241, 242, 243, 244, 245, 246, 247, 248, 249, 250, 251, 252, 253, 254, 256, 257], "summary": {"covered_lines": 176, "num_statements": 180, "percent_covered": 97.77777777777777, "percent_covered_display": "98", "missing_lines": 4, "excluded_lines": 0, "percent_statements_covered": 97.77777777777777, "percent_statements_covered_display": "98"}, "missing_lines": [80, 81, 82, 83], "excluded_lines": [], "functions": {"JobCreate.validate_dates": {"executed_lines": [], "summary": {"covered_lines": 0, "num_statements": 4, "percent_covered": 0.0, "percent_covered_display": "0", "missing_lines": 4, "excluded_lines": 0, "percent_statements_covered": 0.0, "percent_statements_covered_display": "0"}, "missing_lines": [80, 81, 82, 83], "excluded_lines": []}, "": {"executed_lines": [1, 3, 4, 5, 8, 9, 10, 13, 14, 15, 16, 17, 18, 19, 20, 21, 22, 23, 26, 27, 28, 29, 30, 31, 32, 33, 36, 37, 38, 39, 45, 46, 47, 48, 49, 50, 51, 52, 53, 54, 55, 56, 60, 65, 70, 76, 77, 78, 86, 87, 88, 89, 90, 91, 92, 93, 94, 95, 96, 97, 101, 102, 103, 106, 107, 108, 109, 110, 111, 112, 113, 114, 115, 116, 117, 118, 119, 120, 121, 122, 123, 124, 125, 127, 128, 131, 132, 133, 134, 135, 136, 137, 138, 139, 140, 141, 142, 143, 145, 146, 149, 150, 151, 152, 153, 154, 155, 156, 157, 158, 159, 160, 162, 163, 166, 167, 168, 169, 170, 171, 172, 173, 174, 177, 178, 179, 180, 181, 182, 185, 186, 187, 188, 189, 192, 193, 194, 195, 198, 199, 200, 201, 202, 203, 204, 205, 206, 207, 208, 209, 210, 211, 212, 213, 214, 217, 218, 219, 220, 221, 222, 223, 224, 225, 226, 227, 228, 229, 230, 231, 232, 235, 236, 237, 238, 239, 240, 241, 242, 243, 244, 245, 246, 247, 248, 249, 250, 251, 252, 253, 254, 256, 257], "summary": {"covered_lines": 176, "num_statements": 176, "percent_covered": 100.0, "percent_covered_display": "100", "missing_lines": 0, "excluded_lines": 0, "percent_statements_covered": 100.0, "percent_statements_covered_display": "100"}, "missing_lines": [], "excluded_lines": []}}, "classes": {"TriggerConfigBase": {"executed_lines": [], "summary": {"covered_lines": 0, "num_statements": 0, "percent_covered": 100.0, "percent_covered_display": "100", "missing_lines": 0, "excluded_lines": 0, "percent_statements_covered": 100.0, "percent_statements_covered_display": "100"}, "missing_lines": [], "excluded_lines": []}, "CronTriggerConfig": {"executed_lines": [], "summary": {"covered_lines": 0, "num_statements": 0, "percent_covered": 100.0, "percent_covered_display": "100", "missing_lines": 0, "excluded_lines": 0, "percent_statements_covered": 100.0, "percent_statements_covered_display": "100"}, "missing_lines": [], "excluded_lines": []}, "IntervalTriggerConfig": {"executed_lines": [], "summary": {"covered_lines": 0, "num_statements": 0, "percent_covered": 100.0, "percent_covered_display": "100", "missing_lines": 0, "excluded_lines": 0, "percent_statements_covered": 100.0, "percent_statements_covered_display": "100"}, "missing_lines": [], "excluded_lines": []}, "JobDependency": {"executed_lines": [], "summary": {"covered_lines": 0, "num_statements": 0, "percent_covered": 100.0, "percent_covered_display": "100", "missing_lines": 0, "excluded_lines": 0, "percent_statements_covered": 100.0, "percent_statements_covered_display": "100"}, "missing_lines": [], "excluded_lines": []}, "JobCreate": {"executed_lines": [], "summary": {"covered_lines": 0, "num_statements": 4, "percent_covered": 0.0, "percent_covered_display": "0", "missing_lines": 4, "excluded_lines": 0, "percent_statements_covered": 0.0, "percent_statements_covered_display": "0"}, "missing_lines": [80, 81, 82, 83], "excluded_lines": []}, "JobUpdate": {"executed_lines": [], "summary": {"covered_lines": 0, "num_statements": 0, "percent_covered": 100.0, "percent_covered_display": "100", "missing_lines": 0, "excluded_lines": 0, "percent_statements_covered": 100.0, "percent_statements_covered_display": "100"}, "missing_lines": [], "excluded_lines": []}, "JobResponse": {"executed_lines": [], "summary": {"covered_lines": 0, "num_statements": 0, "percent_covered": 100.0, "percent_covered_display": "100", "missing_lines": 0, "excluded_lines": 0, "percent_statements_covered": 100.0, "percent_statements_covered_display": "100"}, "missing_lines": [], "excluded_lines": []}, "JobResponse.Config": {"executed_lines": [], "summary": {"covered_lines": 0, "num_statements": 0, "percent_covered": 100.0, "percent_covered_display": "100", "missing_lines": 0, "excluded_lines": 0, "percent_statements_covered": 100.0, "percent_statements_covered_display": "100"}, "missing_lines": [], "excluded_lines": []}, "JobExecutionResponse": {"executed_lines": [], "summary": {"covered_lines": 0, "num_statements": 0, "percent_covered": 100.0, "percent_covered_display": "100", "missing_lines": 0, "excluded_lines": 0, "percent_statements_covered": 100.0, "percent_statements_covered_display": "100"}, "missing_lines": [], "excluded_lines": []}, "JobExecutionResponse.Config": {"executed_lines": [], "summary": {"covered_lines": 0, "num_statements": 0, "percent_covered": 100.0, "percent_covered_display": "100", "missing_lines": 0, "excluded_lines": 0, "percent_statements_covered": 100.0, "percent_statements_covered_display": "100"}, "missing_lines": [], "excluded_lines": []}, "CollectionLogResponse": {"executed_lines": [], "summary": {"covered_lines": 0, "num_statements": 0, "percent_covered": 100.0, "percent_covered_display": "100", "missing_lines": 0, "excluded_lines": 0, "percent_statements_covered": 100.0, "percent_statements_covered_display": "100"}, "missing_lines": [], "excluded_lines": []}, "CollectionLogResponse.Config": {"executed_lines": [], "summary": {"covered_lines": 0, "num_statements": 0, "percent_covered": 100.0, "percent_covered_display": "100", "missing_lines": 0, "excluded_lines": 0, "percent_statements_covered": 100.0, "percent_statements_covered_display": "100"}, "missing_lines": [], "excluded_lines": []}, "CollectRequest": {"executed_lines": [], "summary": {"covered_lines": 0, "num_statements": 0, "percent_covered": 100.0, "percent_covered_display": "100", "missing_lines": 0, "excluded_lines": 0, "percent_statements_covered": 100.0, "percent_statements_covered_display": "100"}, "missing_lines": [], "excluded_lines": []}, "CollectResponse": {"executed_lines": [], "summary": {"covered_lines": 0, "num_statements": 0, "percent_covered": 100.0, "percent_covered_display": "100", "missing_lines": 0, "excluded_lines": 0, "percent_statements_covered": 100.0, "percent_statements_covered_display": "100"}, "missing_lines": [], "excluded_lines": []}, "ValidateRequest": {"executed_lines": [], "summary": {"covered_lines": 0, "num_statements": 0, "percent_covered": 100.0, "percent_covered_display": "100", "missing_lines": 0, "excluded_lines": 0, "percent_statements_covered": 100.0, "percent_statements_covered_display": "100"}, "missing_lines": [], "excluded_lines": []}, "ValidateResponse": {"executed_lines": [], "summary": {"covered_lines": 0, "num_statements": 0, "percent_covered": 100.0, "percent_covered_display": "100", "missing_lines": 0, "excluded_lines": 0, "percent_statements_covered": 100.0, "percent_statements_covered_display": "100"}, "missing_lines": [], "excluded_lines": []}, "JobTemplateCreate": {"executed_lines": [], "summary": {"covered_lines": 0, "num_statements": 0, "percent_covered": 100.0, "percent_covered_display": "100", "missing_lines": 0, "excluded_lines": 0, "percent_statements_covered": 100.0, "percent_statements_covered_display": "100"}, "missing_lines": [], "excluded_lines": []}, "JobTemplateUpdate": {"executed_lines": [], "summary": {"covered_lines": 0, "num_statements": 0, "percent_covered": 100.0, "percent_covered_display": "100", "missing_lines": 0, "excluded_lines": 0, "percent_statements_covered": 100.0, "percent_statements_covered_display": "100"}, "missing_lines": [], "excluded_lines": []}, "JobTemplateResponse": {"executed_lines": [], "summary": {"covered_lines": 0, "num_statements": 0, "percent_covered": 100.0, "percent_covered_display": "100", "missing_lines": 0, "excluded_lines": 0, "percent_statements_covered": 100.0, "percent_statements_covered_display": "100"}, "missing_lines": [], "excluded_lines": []}, "JobTemplateResponse.Config": {"executed_lines": [], "summary": {"covered_lines": 0, "num_statements": 0, "percent_covered": 100.0, "percent_covered_display": "100", "missing_lines": 0, "excluded_lines": 0, "percent_statements_covered": 100.0, "percent_statements_covered_display": "100"}, "missing_lines": [], "excluded_lines": []}, "": {"executed_lines": [1, 3, 4, 5, 8, 9, 10, 13, 14, 15, 16, 17, 18, 19, 20, 21, 22, 23, 26, 27, 28, 29, 30, 31, 32, 33, 36, 37, 38, 39, 45, 46, 47, 48, 49, 50, 51, 52, 53, 54, 55, 56, 60, 65, 70, 76, 77, 78, 86, 87, 88, 89, 90, 91, 92, 93, 94, 95, 96, 97, 101, 102, 103, 106, 107, 108, 109, 110, 111, 112, 113, 114, 115, 116, 117, 118, 119, 120, 121, 122, 123, 124, 125, 127, 128, 131, 132, 133, 134, 135, 136, 137, 138, 139, 140, 141, 142, 143, 145, 146, 149, 150, 151, 152, 153, 154, 155, 156, 157, 158, 159, 160, 162, 163, 166, 167, 168, 169, 170, 171, 172, 173, 174, 177, 178, 179, 180, 181, 182, 185, 186, 187, 188, 189, 192, 193, 194, 195, 198, 199, 200, 201, 202, 203, 204, 205, 206, 207, 208, 209, 210, 211, 212, 213, 214, 217, 218, 219, 220, 221, 222, 223, 224, 225, 226, 227, 228, 229, 230, 231, 232, 235, 236, 237, 238, 239, 240, 241, 242, 243, 244, 245, 246, 247, 248, 249, 250, 251, 252, 253, 254, 256, 257], "summary": {"covered_lines": 176, "num_statements": 176, "percent_covered": 100.0, "percent_covered_display": "100", "missing_lines": 0, "excluded_lines": 0, "percent_statements_covered": 100.0, "percent_statements_covered_display": "100"}, "missing_lines": [], "excluded_lines": []}}}, "src\\investment_platform\\api\\routers\\__init__.py": {"executed_lines": [1], "summary": {"covered_lines": 0, "num_statements": 0, "percent_covered": 100.0, "percent_covered_display": "100", "missing_lines": 0, "excluded_lines": 0, "percent_statements_covered": 100.0, "percent_statements_covered_display": "100"}, "missing_lines": [], "excluded_lines": [], "functions": {"": {"executed_lines": [1], "summary": {"covered_lines": 0, "num_statements": 0, "percent_covered": 100.0, "percent_covered_display": "100", "missing_lines": 0, "excluded_lines": 0, "percent_statements_covered": 100.0, "percent_statements_covered_display": "100"}, "missing_lines": [], "excluded_lines": []}}, "classes": {"": {"executed_lines": [1], "summary": {"covered_lines": 0, "num_statements": 0, "percent_covered": 100.0, "percent_covered_display": "100", "missing_lines": 0, "excluded_lines": 0, "percent_statements_covered": 100.0, "percent_statements_covered_display": "100"}, "missing_lines": [], "excluded_lines": []}}}, "src\\investment_platform\\api\\routers\\assets.py": {"executed_lines": [1, 3, 4, 5, 7, 9, 12, 13, 37, 38, 54, 55], "summary": {"covered_lines": 11, "num_statements": 55, "percent_covered": 20.0, "percent_covered_display": "20", "missing_lines": 44, "excluded_lines": 0, "percent_statements_covered": 20.0, "percent_statements_covered_display": "20"}, "missing_lines": [19, 20, 21, 22, 24, 25, 26, 28, 29, 31, 32, 34, 40, 41, 42, 46, 48, 49, 51, 57, 58, 60, 64, 66, 67, 69, 72, 73, 74, 75, 76, 77, 78, 79, 80, 81, 82, 83, 85, 95, 106, 108, 109, 122], "excluded_lines": [], "functions": {"list_assets": {"executed_lines": [], "summary": {"covered_lines": 0, "num_statements": 12, "percent_covered": 0.0, "percent_covered_display": "0", "missing_lines": 12, "excluded_lines": 0, "percent_statements_covered": 0.0, "percent_statements_covered_display": "0"}, "missing_lines": [19, 20, 21, 22, 24, 25, 26, 28, 29, 31, 32, 34], "excluded_lines": []}, "get_asset": {"executed_lines": [], "summary": {"covered_lines": 0, "num_statements": 7, "percent_covered": 0.0, "percent_covered_display": "0", "missing_lines": 7, "excluded_lines": 0, "percent_statements_covered": 0.0, "percent_statements_covered_display": "0"}, "missing_lines": [40, 41, 42, 46, 48, 49, 51], "excluded_lines": []}, "get_data_coverage": {"executed_lines": [], "summary": {"covered_lines": 0, "num_statements": 25, "percent_covered": 0.0, "percent_covered_display": "0", "missing_lines": 25, "excluded_lines": 0, "percent_statements_covered": 0.0, "percent_statements_covered_display": "0"}, "missing_lines": [57, 58, 60, 64, 66, 67, 69, 72, 73, 74, 75, 76, 77, 78, 79, 80, 81, 82, 83, 85, 95, 106, 108, 109, 122], "excluded_lines": []}, "": {"executed_lines": [1, 3, 4, 5, 7, 9, 12, 13, 37, 38, 54, 55], "summary": {"covered_lines": 11, "num_statements": 11, "percent_covered": 100.0, "percent_covered_display": "100", "missing_lines": 0, "excluded_lines": 0, "percent_statements_covered": 100.0, "percent_statements_covered_display": "100"}, "missing_lines": [], "excluded_lines": []}}, "classes": {"": {"executed_lines": [1, 3, 4, 5, 7, 9, 12, 13, 37, 38, 54, 55], "summary": {"covered_lines": 11, "num_statements": 55, "percent_covered": 20.0, "percent_covered_display": "20", "missing_lines": 44, "excluded_lines": 0, "percent_statements_covered": 20.0, "percent_statements_covered_display": "20"}, "missing_lines": [19, 20, 21, 22, 24, 25, 26, 28, 29, 31, 32, 34, 40, 41, 42, 46, 48, 49, 51, 57, 58, 60, 64, 66, 67, 69, 72, 73, 74, 75, 76, 77, 78, 79, 80, 81, 82, 83, 85, 95, 106, 108, 109, 122], "excluded_lines": []}}}, "src\\investment_platform\\api\\routers\\collectors.py": {"executed_lines": [1, 3, 4, 5, 6, 7, 8, 10, 12, 15, 16, 26, 27, 42, 43, 63, 64], "summary": {"covered_lines": 16, "num_statements": 55, "percent_covered": 29.09090909090909, "percent_covered_display": "29", "missing_lines": 39, "excluded_lines": 0, "percent_statements_covered": 29.09090909090909, "percent_statements_covered_display": "29"}, "missing_lines": [18, 19, 20, 21, 22, 23, 29, 30, 31, 32, 33, 34, 35, 36, 39, 49, 50, 51, 52, 53, 54, 55, 56, 57, 58, 59, 60, 66, 67, 72, 73, 74, 75, 76, 77, 78, 79, 80, 81], "excluded_lines": [], "functions": {"get_collector_metadata": {"executed_lines": [], "summary": {"covered_lines": 0, "num_statements": 6, "percent_covered": 0.0, "percent_covered_display": "0", "missing_lines": 6, "excluded_lines": 0, "percent_statements_covered": 0.0, "percent_statements_covered_display": "0"}, "missing_lines": [18, 19, 20, 21, 22, 23], "excluded_lines": []}, "get_collector_options": {"executed_lines": [], "summary": {"covered_lines": 0, "num_statements": 9, "percent_covered": 0.0, "percent_covered_display": "0", "missing_lines": 9, "excluded_lines": 0, "percent_statements_covered": 0.0, "percent_statements_covered_display": "0"}, "missing_lines": [29, 30, 31, 32, 33, 34, 35, 36, 39], "excluded_lines": []}, "search_assets": {"executed_lines": [], "summary": {"covered_lines": 0, "num_statements": 12, "percent_covered": 0.0, "percent_covered_display": "0", "missing_lines": 12, "excluded_lines": 0, "percent_statements_covered": 0.0, "percent_statements_covered_display": "0"}, "missing_lines": [49, 50, 51, 52, 53, 54, 55, 56, 57, 58, 59, 60], "excluded_lines": []}, "validate_collection_params": {"executed_lines": [], "summary": {"covered_lines": 0, "num_statements": 12, "percent_covered": 0.0, "percent_covered_display": "0", "missing_lines": 12, "excluded_lines": 0, "percent_statements_covered": 0.0, "percent_statements_covered_display": "0"}, "missing_lines": [66, 67, 72, 73, 74, 75, 76, 77, 78, 79, 80, 81], "excluded_lines": []}, "": {"executed_lines": [1, 3, 4, 5, 6, 7, 8, 10, 12, 15, 16, 26, 27, 42, 43, 63, 64], "summary": {"covered_lines": 16, "num_statements": 16, "percent_covered": 100.0, "percent_covered_display": "100", "missing_lines": 0, "excluded_lines": 0, "percent_statements_covered": 100.0, "percent_statements_covered_display": "100"}, "missing_lines": [], "excluded_lines": []}}, "classes": {"": {"executed_lines": [1, 3, 4, 5, 6, 7, 8, 10, 12, 15, 16, 26, 27, 42, 43, 63, 64], "summary": {"covered_lines": 16, "num_statements": 55, "percent_covered": 29.09090909090909, "percent_covered_display": "29", "missing_lines": 39, "excluded_lines": 0, "percent_statements_covered": 29.09090909090909, "percent_statements_covered_display": "29"}, "missing_lines": [18, 19, 20, 21, 22, 23, 29, 30, 31, 32, 33, 34, 35, 36, 39, 49, 50, 51, 52, 53, 54, 55, 56, 57, 58, 59, 60, 66, 67, 72, 73, 74, 75, 76, 77, 78, 79, 80, 81], "excluded_lines": []}}}, "src\\investment_platform\\api\\routers\\ingestion.py": {"executed_lines": [1, 3, 4, 5, 6, 7, 8, 10, 15, 16, 18, 20, 23, 26, 29, 65, 66, 92, 93, 114, 115], "summary": {"covered_lines": 20, "num_statements": 69, "percent_covered": 28.985507246376812, "percent_covered_display": "29", "missing_lines": 49, "excluded_lines": 0, "percent_statements_covered": 28.985507246376812, "percent_statements_covered_display": "29"}, "missing_lines": [37, 38, 41, 42, 44, 53, 54, 56, 57, 61, 62, 71, 73, 76, 83, 85, 95, 96, 98, 99, 105, 106, 108, 109, 111, 124, 125, 126, 127, 129, 130, 131, 133, 134, 135, 137, 138, 139, 141, 142, 143, 145, 146, 148, 149, 151, 152, 153, 168], "excluded_lines": [], "functions": {"run_collection_task": {"executed_lines": [], "summary": {"covered_lines": 0, "num_statements": 11, "percent_covered": 0.0, "percent_covered_display": "0", "missing_lines": 11, "excluded_lines": 0, "percent_statements_covered": 0.0, "percent_statements_covered_display": "0"}, "missing_lines": [37, 38, 41, 42, 44, 53, 54, 56, 57, 61, 62], "excluded_lines": []}, "collect_data": {"executed_lines": [], "summary": {"covered_lines": 0, "num_statements": 5, "percent_covered": 0.0, "percent_covered_display": "0", "missing_lines": 5, "excluded_lines": 0, "percent_statements_covered": 0.0, "percent_statements_covered_display": "0"}, "missing_lines": [71, 73, 76, 83, 85], "excluded_lines": []}, "get_collection_status": {"executed_lines": [], "summary": {"covered_lines": 0, "num_statements": 9, "percent_covered": 0.0, "percent_covered_display": "0", "missing_lines": 9, "excluded_lines": 0, "percent_statements_covered": 0.0, "percent_statements_covered_display": "0"}, "missing_lines": [95, 96, 98, 99, 105, 106, 108, 109, 111], "excluded_lines": []}, "get_collection_logs": {"executed_lines": [], "summary": {"covered_lines": 0, "num_statements": 24, "percent_covered": 0.0, "percent_covered_display": "0", "missing_lines": 24, "excluded_lines": 0, "percent_statements_covered": 0.0, "percent_statements_covered_display": "0"}, "missing_lines": [124, 125, 126, 127, 129, 130, 131, 133, 134, 135, 137, 138, 139, 141, 142, 143, 145, 146, 148, 149, 151, 152, 153, 168], "excluded_lines": []}, "": {"executed_lines": [1, 3, 4, 5, 6, 7, 8, 10, 15, 16, 18, 20, 23, 26, 29, 65, 66, 92, 93, 114, 115], "summary": {"covered_lines": 20, "num_statements": 20, "percent_covered": 100.0, "percent_covered_display": "100", "missing_lines": 0, "excluded_lines": 0, "percent_statements_covered": 100.0, "percent_statements_covered_display": "100"}, "missing_lines": [], "excluded_lines": []}}, "classes": {"": {"executed_lines": [1, 3, 4, 5, 6, 7, 8, 10, 15, 16, 18, 20, 23, 26, 29, 65, 66, 92, 93, 114, 115], "summary": {"covered_lines": 20, "num_statements": 69, "percent_covered": 28.985507246376812, "percent_covered_display": "29", "missing_lines": 49, "excluded_lines": 0, "percent_statements_covered": 28.985507246376812, "percent_statements_covered_display": "29"}, "missing_lines": [37, 38, 41, 42, 44, 53, 54, 56, 57, 61, 62, 71, 73, 76, 83, 85, 95, 96, 98, 99, 105, 106, 108, 109, 111, 124, 125, 126, 127, 129, 130, 131, 133, 134, 135, 137, 138, 139, 141, 142, 143, 145, 146, 148, 149, 151, 152, 153, 168], "excluded_lines": []}}}, "src\\investment_platform\\api\\routers\\scheduler.py": {"executed_lines": [1, 3, 4, 5, 7, 9, 18, 19, 24, 26, 28, 31, 53, 54, 77, 78, 86, 87, 124, 125, 141, 142, 156, 157, 173, 174, 196, 197, 242, 243, 262, 263, 286, 287, 295, 296, 312, 313, 323, 324, 336, 337], "summary": {"covered_lines": 41, "num_statements": 182, "percent_covered": 22.52747252747253, "percent_covered_display": "23", "missing_lines": 141, "excluded_lines": 0, "percent_statements_covered": 22.52747252747253, "percent_statements_covered_display": "23"}, "missing_lines": [44, 45, 46, 50, 61, 62, 68, 69, 70, 71, 72, 73, 74, 80, 81, 82, 83, 89, 90, 93, 94, 101, 102, 103, 104, 107, 108, 110, 111, 112, 113, 114, 115, 116, 117, 118, 119, 120, 121, 127, 128, 129, 132, 133, 134, 135, 136, 138, 144, 145, 146, 149, 150, 151, 152, 153, 159, 160, 161, 164, 165, 166, 167, 168, 170, 176, 177, 178, 181, 182, 184, 185, 186, 187, 189, 190, 191, 193, 201, 203, 205, 206, 207, 210, 211, 217, 219, 221, 222, 223, 224, 225, 226, 231, 234, 249, 250, 251, 253, 254, 270, 271, 277, 278, 279, 280, 281, 282, 283, 289, 290, 291, 292, 298, 299, 300, 301, 302, 303, 304, 305, 306, 307, 308, 309, 317, 318, 319, 320, 326, 327, 328, 343, 344, 349, 350, 351, 352, 353, 354, 355], "excluded_lines": [], "functions": {"get_scheduler": {"executed_lines": [], "summary": {"covered_lines": 0, "num_statements": 4, "percent_covered": 0.0, "percent_covered_display": "0", "missing_lines": 4, "excluded_lines": 0, "percent_statements_covered": 0.0, "percent_statements_covered_display": "0"}, "missing_lines": [44, 45, 46, 50], "excluded_lines": []}, "list_jobs": {"executed_lines": [], "summary": {"covered_lines": 0, "num_statements": 9, "percent_covered": 0.0, "percent_covered_display": "0", "missing_lines": 9, "excluded_lines": 0, "percent_statements_covered": 0.0, "percent_statements_covered_display": "0"}, "missing_lines": [61, 62, 68, 69, 70, 71, 72, 73, 74], "excluded_lines": []}, "get_job": {"executed_lines": [], "summary": {"covered_lines": 0, "num_statements": 4, "percent_covered": 0.0, "percent_covered_display": "0", "missing_lines": 4, "excluded_lines": 0, "percent_statements_covered": 0.0, "percent_statements_covered_display": "0"}, "missing_lines": [80, 81, 82, 83], "excluded_lines": []}, "create_job": {"executed_lines": [], "summary": {"covered_lines": 0, "num_statements": 22, "percent_covered": 0.0, "percent_covered_display": "0", "missing_lines": 22, "excluded_lines": 0, "percent_statements_covered": 0.0, "percent_statements_covered_display": "0"}, "missing_lines": [89, 90, 93, 94, 101, 102, 103, 104, 107, 108, 110, 111, 112, 113, 114, 115, 116, 117, 118, 119, 120, 121], "excluded_lines": []}, "update_job": {"executed_lines": [], "summary": {"covered_lines": 0, "num_statements": 9, "percent_covered": 0.0, "percent_covered_display": "0", "missing_lines": 9, "excluded_lines": 0, "percent_statements_covered": 0.0, "percent_statements_covered_display": "0"}, "missing_lines": [127, 128, 129, 132, 133, 134, 135, 136, 138], "excluded_lines": []}, "delete_job": {"executed_lines": [], "summary": {"covered_lines": 0, "num_statements": 8, "percent_covered": 0.0, "percent_covered_display": "0", "missing_lines": 8, "excluded_lines": 0, "percent_statements_covered": 0.0, "percent_statements_covered_display": "0"}, "missing_lines": [144, 145, 146, 149, 150, 151, 152, 153], "excluded_lines": []}, "pause_job": {"executed_lines": [], "summary": {"covered_lines": 0, "num_statements": 9, "percent_covered": 0.0, "percent_covered_display": "0", "missing_lines": 9, "excluded_lines": 0, "percent_statements_covered": 0.0, "percent_statements_covered_display": "0"}, "missing_lines": [159, 160, 161, 164, 165, 166, 167, 168, 170], "excluded_lines": []}, "resume_job": {"executed_lines": [], "summary": {"covered_lines": 0, "num_statements": 13, "percent_covered": 0.0, "percent_covered_display": "0", "missing_lines": 13, "excluded_lines": 0, "percent_statements_covered": 0.0, "percent_statements_covered_display": "0"}, "missing_lines": [176, 177, 178, 181, 182, 184, 185, 186, 187, 189, 190, 191, 193], "excluded_lines": []}, "trigger_job": {"executed_lines": [], "summary": {"covered_lines": 0, "num_statements": 11, "percent_covered": 0.0, "percent_covered_display": "0", "missing_lines": 11, "excluded_lines": 0, "percent_statements_covered": 0.0, "percent_statements_covered_display": "0"}, "missing_lines": [201, 203, 205, 206, 207, 210, 211, 217, 219, 231, 234], "excluded_lines": []}, "trigger_job.execute_job": {"executed_lines": [], "summary": {"covered_lines": 0, "num_statements": 6, "percent_covered": 0.0, "percent_covered_display": "0", "missing_lines": 6, "excluded_lines": 0, "percent_statements_covered": 0.0, "percent_statements_covered_display": "0"}, "missing_lines": [221, 222, 223, 224, 225, 226], "excluded_lines": []}, "get_job_executions": {"executed_lines": [], "summary": {"covered_lines": 0, "num_statements": 5, "percent_covered": 0.0, "percent_covered_display": "0", "missing_lines": 5, "excluded_lines": 0, "percent_statements_covered": 0.0, "percent_statements_covered_display": "0"}, "missing_lines": [249, 250, 251, 253, 254], "excluded_lines": []}, "list_templates": {"executed_lines": [], "summary": {"covered_lines": 0, "num_statements": 9, "percent_covered": 0.0, "percent_covered_display": "0", "missing_lines": 9, "excluded_lines": 0, "percent_statements_covered": 0.0, "percent_statements_covered_display": "0"}, "missing_lines": [270, 271, 277, 278, 279, 280, 281, 282, 283], "excluded_lines": []}, "get_template": {"executed_lines": [], "summary": {"covered_lines": 0, "num_statements": 4, "percent_covered": 0.0, "percent_covered_display": "0", "missing_lines": 4, "excluded_lines": 0, "percent_statements_covered": 0.0, "percent_statements_covered_display": "0"}, "missing_lines": [289, 290, 291, 292], "excluded_lines": []}, "create_template": {"executed_lines": [], "summary": {"covered_lines": 0, "num_statements": 12, "percent_covered": 0.0, "percent_covered_display": "0", "missing_lines": 12, "excluded_lines": 0, "percent_statements_covered": 0.0, "percent_statements_covered_display": "0"}, "missing_lines": [298, 299, 300, 301, 302, 303, 304, 305, 306, 307, 308, 309], "excluded_lines": []}, "update_template": {"executed_lines": [], "summary": {"covered_lines": 0, "num_statements": 4, "percent_covered": 0.0, "percent_covered_display": "0", "missing_lines": 4, "excluded_lines": 0, "percent_statements_covered": 0.0, "percent_statements_covered_display": "0"}, "missing_lines": [317, 318, 319, 320], "excluded_lines": []}, "delete_template": {"executed_lines": [], "summary": {"covered_lines": 0, "num_statements": 3, "percent_covered": 0.0, "percent_covered_display": "0", "missing_lines": 3, "excluded_lines": 0, "percent_statements_covered": 0.0, "percent_statements_covered_display": "0"}, "missing_lines": [326, 327, 328], "excluded_lines": []}, "get_analytics": {"executed_lines": [], "summary": {"covered_lines": 0, "num_statements": 9, "percent_covered": 0.0, "percent_covered_display": "0", "missing_lines": 9, "excluded_lines": 0, "percent_statements_covered": 0.0, "percent_statements_covered_display": "0"}, "missing_lines": [343, 344, 349, 350, 351, 352, 353, 354, 355], "excluded_lines": []}, "": {"executed_lines": [1, 3, 4, 5, 7, 9, 18, 19, 24, 26, 28, 31, 53, 54, 77, 78, 86, 87, 124, 125, 141, 142, 156, 157, 173, 174, 196, 197, 242, 243, 262, 263, 286, 287, 295, 296, 312, 313, 323, 324, 336, 337], "summary": {"covered_lines": 41, "num_statements": 41, "percent_covered": 100.0, "percent_covered_display": "100", "missing_lines": 0, "excluded_lines": 0, "percent_statements_covered": 100.0, "percent_statements_covered_display": "100"}, "missing_lines": [], "excluded_lines": []}}, "classes": {"": {"executed_lines": [1, 3, 4, 5, 7, 9, 18, 19, 24, 26, 28, 31, 53, 54, 77, 78, 86, 87, 124, 125, 141, 142, 156, 157, 173, 174, 196, 197, 242, 243, 262, 263, 286, 287, 295, 296, 312, 313, 323, 324, 336, 337], "summary": {"covered_lines": 41, "num_statements": 182, "percent_covered": 22.52747252747253, "percent_covered_display": "23", "missing_lines": 141, "excluded_lines": 0, "percent_statements_covered": 22.52747252747253, "percent_statements_covered_display": "23"}, "missing_lines": [44, 45, 46, 50, 61, 62, 68, 69, 70, 71, 72, 73, 74, 80, 81, 82, 83, 89, 90, 93, 94, 101, 102, 103, 104, 107, 108, 110, 111, 112, 113, 114, 115, 116, 117, 118, 119, 120, 121, 127, 128, 129, 132, 133, 134, 135, 136, 138, 144, 145, 146, 149, 150, 151, 152, 153, 159, 160, 161, 164, 165, 166, 167, 168, 170, 176, 177, 178, 181, 182, 184, 185, 186, 187, 189, 190, 191, 193, 201, 203, 205, 206, 207, 210, 211, 217, 219, 221, 222, 223, 224, 225, 226, 231, 234, 249, 250, 251, 253, 254, 270, 271, 277, 278, 279, 280, 281, 282, 283, 289, 290, 291, 292, 298, 299, 300, 301, 302, 303, 304, 305, 306, 307, 308, 309, 317, 318, 319, 320, 326, 327, 328, 343, 344, 349, 350, 351, 352, 353, 354, 355], "excluded_lines": []}}}, "src\\investment_platform\\api\\services\\__init__.py": {"executed_lines": [1, 3, 4, 6], "summary": {"covered_lines": 3, "num_statements": 3, "percent_covered": 100.0, "percent_covered_display": "100", "missing_lines": 0, "excluded_lines": 0, "percent_statements_covered": 100.0, "percent_statements_covered_display": "100"}, "missing_lines": [], "excluded_lines": [], "functions": {"": {"executed_lines": [1, 3, 4, 6], "summary": {"covered_lines": 3, "num_statements": 3, "percent_covered": 100.0, "percent_covered_display": "100", "missing_lines": 0, "excluded_lines": 0, "percent_statements_covered": 100.0, "percent_statements_covered_display": "100"}, "missing_lines": [], "excluded_lines": []}}, "classes": {"": {"executed_lines": [1, 3, 4, 6], "summary": {"covered_lines": 3, "num_statements": 3, "percent_covered": 100.0, "percent_covered_display": "100", "missing_lines": 0, "excluded_lines": 0, "percent_statements_covered": 100.0, "percent_statements_covered_display": "100"}, "missing_lines": [], "excluded_lines": []}}}, "src\\investment_platform\\api\\services\\collector_service.py": {"executed_lines": [1, 3, 4, 5, 14, 18, 28, 35, 108, 111, 124, 125, 127, 128, 131, 146, 149, 151, 153, 165, 167, 169, 179, 181, 194, 204, 217, 229, 232, 251, 253, 254, 256, 257, 260, 261, 270, 271, 275, 276, 277, 279, 280, 285], "summary": {"covered_lines": 43, "num_statements": 55, "percent_covered": 78.18181818181819, "percent_covered_display": "78", "missing_lines": 12, "excluded_lines": 0, "percent_statements_covered": 78.18181818181819, "percent_statements_covered_display": "78"}, "missing_lines": [183, 192, 196, 202, 206, 215, 219, 227, 262, 266, 267, 268], "excluded_lines": [], "functions": {"get_collector_metadata": {"executed_lines": [35, 108], "summary": {"covered_lines": 2, "num_statements": 2, "percent_covered": 100.0, "percent_covered_display": "100", "missing_lines": 0, "excluded_lines": 0, "percent_statements_covered": 100.0, "percent_statements_covered_display": "100"}, "missing_lines": [], "excluded_lines": []}, "get_collector_options": {"executed_lines": [124, 125, 127, 128], "summary": {"covered_lines": 4, "num_statements": 4, "percent_covered": 100.0, "percent_covered_display": "100", "missing_lines": 0, "excluded_lines": 0, "percent_statements_covered": 100.0, "percent_statements_covered_display": "100"}, "missing_lines": [], "excluded_lines": []}, "search_assets": {"executed_lines": [146, 149, 151, 153, 165, 167, 169, 179, 181, 194, 204, 217, 229], "summary": {"covered_lines": 13, "num_statements": 21, "percent_covered": 61.904761904761905, "percent_covered_display": "62", "missing_lines": 8, "excluded_lines": 0, "percent_statements_covered": 61.904761904761905, "percent_statements_covered_display": "62"}, "missing_lines": [183, 192, 196, 202, 206, 215, 219, 227], "excluded_lines": []}, "validate_collection_params": {"executed_lines": [251, 253, 254, 256, 257, 260, 261, 270, 271, 275, 276, 277, 279, 280, 285], "summary": {"covered_lines": 15, "num_statements": 19, "percent_covered": 78.94736842105263, "percent_covered_display": "79", "missing_lines": 4, "excluded_lines": 0, "percent_statements_covered": 78.94736842105263, "percent_statements_covered_display": "79"}, "missing_lines": [262, 266, 267, 268], "excluded_lines": []}, "": {"executed_lines": [1, 3, 4, 5, 14, 18, 28, 111, 131, 232], "summary": {"covered_lines": 9, "num_statements": 9, "percent_covered": 100.0, "percent_covered_display": "100", "missing_lines": 0, "excluded_lines": 0, "percent_statements_covered": 100.0, "percent_statements_covered_display": "100"}, "missing_lines": [], "excluded_lines": []}}, "classes": {"": {"executed_lines": [1, 3, 4, 5, 14, 18, 28, 35, 108, 111, 124, 125, 127, 128, 131, 146, 149, 151, 153, 165, 167, 169, 179, 181, 194, 204, 217, 229, 232, 251, 253, 254, 256, 257, 260, 261, 270, 271, 275, 276, 277, 279, 280, 285], "summary": {"covered_lines": 43, "num_statements": 55, "percent_covered": 78.18181818181819, "percent_covered_display": "78", "missing_lines": 12, "excluded_lines": 0, "percent_statements_covered": 78.18181818181819, "percent_statements_covered_display": "78"}, "missing_lines": [183, 192, 196, 202, 206, 215, 219, 227, 262, 266, 267, 268], "excluded_lines": []}}}, "src\\investment_platform\\api\\services\\scheduler_service.py": {"executed_lines": [1, 3, 4, 5, 6, 7, 8, 10, 11, 21, 24, 26, 27, 30, 40, 42, 43, 45, 70, 73, 74, 75, 83, 86, 87, 89, 90, 92, 95, 105, 106, 107, 111, 113, 114, 115, 118, 136, 137, 138, 139, 141, 142, 143, 145, 146, 147, 149, 150, 152, 153, 155, 158, 169, 170, 172, 173, 175, 179, 183, 187, 188, 189, 191, 195, 199, 203, 207, 208, 209, 211, 215, 219, 223, 227, 228, 230, 231, 234, 248, 250, 251, 255, 265, 266, 267, 268, 269, 270, 273, 284, 287, 336, 352, 353, 354, 363, 365, 368, 370, 373, 374, 375, 378, 379, 380, 381, 382, 386, 387, 396, 418, 420, 439, 449, 450, 451, 479, 480, 482, 485, 495, 496, 497, 501, 503, 504, 508, 526, 527, 528, 529, 531, 535, 539, 540, 542, 543, 545, 548, 637, 654, 657, 658, 659, 661, 687], "summary": {"covered_lines": 146, "num_statements": 279, "percent_covered": 52.32974910394265, "percent_covered_display": "52", "missing_lines": 133, "excluded_lines": 0, "percent_statements_covered": 52.32974910394265, "percent_statements_covered_display": "52"}, "missing_lines": [88, 176, 177, 180, 181, 184, 185, 192, 193, 196, 197, 200, 201, 204, 205, 212, 213, 216, 217, 220, 221, 225, 236, 239, 240, 252, 311, 312, 313, 324, 327, 332, 333, 388, 505, 532, 533, 536, 537, 559, 560, 562, 563, 565, 566, 567, 569, 570, 571, 573, 574, 575, 577, 578, 579, 581, 582, 583, 585, 586, 587, 589, 590, 591, 593, 594, 595, 597, 598, 599, 601, 602, 603, 605, 606, 607, 609, 610, 611, 613, 614, 615, 617, 618, 619, 621, 623, 625, 626, 628, 629, 630, 632, 633, 634, 647, 648, 649, 650, 651, 703, 704, 706, 707, 708, 709, 710, 711, 712, 713, 716, 717, 718, 719, 722, 731, 734, 745, 746, 747, 748, 751, 760, 761, 764, 779, 782, 794, 797, 813, 816, 834, 836], "excluded_lines": [], "functions": {"generate_job_id": {"executed_lines": [26, 27], "summary": {"covered_lines": 2, "num_statements": 2, "percent_covered": 100.0, "percent_covered_display": "100", "missing_lines": 0, "excluded_lines": 0, "percent_statements_covered": 100.0, "percent_statements_covered_display": "100"}, "missing_lines": [], "excluded_lines": []}, "create_job": {"executed_lines": [40, 42, 43, 45, 70, 73, 74, 75, 83, 86, 87, 89, 90, 92], "summary": {"covered_lines": 14, "num_statements": 15, "percent_covered": 93.33333333333333, "percent_covered_display": "93", "missing_lines": 1, "excluded_lines": 0, "percent_statements_covered": 93.33333333333333, "percent_statements_covered_display": "93"}, "missing_lines": [88], "excluded_lines": []}, "get_job": {"executed_lines": [105, 106, 107, 111, 113, 114, 115], "summary": {"covered_lines": 7, "num_statements": 7, "percent_covered": 100.0, "percent_covered_display": "100", "missing_lines": 0, "excluded_lines": 0, "percent_statements_covered": 100.0, "percent_statements_covered_display": "100"}, "missing_lines": [], "excluded_lines": []}, "list_jobs": {"executed_lines": [136, 137, 138, 139, 141, 142, 143, 145, 146, 147, 149, 150, 152, 153, 155], "summary": {"covered_lines": 15, "num_statements": 15, "percent_covered": 100.0, "percent_covered_display": "100", "missing_lines": 0, "excluded_lines": 0, "percent_statements_covered": 100.0, "percent_statements_covered_display": "100"}, "missing_lines": [], "excluded_lines": []}, "update_job": {"executed_lines": [169, 170, 172, 173, 175, 179, 183, 187, 188, 189, 191, 195, 199, 203, 207, 208, 209, 211, 215, 219, 223, 227, 228, 230, 231, 234, 248, 250, 251], "summary": {"covered_lines": 29, "num_statements": 54, "percent_covered": 53.7037037037037, "percent_covered_display": "54", "missing_lines": 25, "excluded_lines": 0, "percent_statements_covered": 53.7037037037037, "percent_statements_covered_display": "54"}, "missing_lines": [176, 177, 180, 181, 184, 185, 192, 193, 196, 197, 200, 201, 204, 205, 212, 213, 216, 217, 220, 221, 225, 236, 239, 240, 252], "excluded_lines": []}, "delete_job": {"executed_lines": [265, 266, 267, 268, 269, 270], "summary": {"covered_lines": 6, "num_statements": 6, "percent_covered": 100.0, "percent_covered_display": "100", "missing_lines": 0, "excluded_lines": 0, "percent_statements_covered": 100.0, "percent_statements_covered_display": "100"}, "missing_lines": [], "excluded_lines": []}, "update_job_status": {"executed_lines": [284], "summary": {"covered_lines": 1, "num_statements": 1, "percent_covered": 100.0, "percent_covered_display": "100", "missing_lines": 0, "excluded_lines": 0, "percent_statements_covered": 100.0, "percent_statements_covered_display": "100"}, "missing_lines": [], "excluded_lines": []}, "record_job_execution": {"executed_lines": [], "summary": {"covered_lines": 0, "num_statements": 7, "percent_covered": 0.0, "percent_covered_display": "0", "missing_lines": 7, "excluded_lines": 0, "percent_statements_covered": 0.0, "percent_statements_covered_display": "0"}, "missing_lines": [311, 312, 313, 324, 327, 332, 333], "excluded_lines": []}, "get_job_executions": {"executed_lines": [352, 353, 354, 363, 365], "summary": {"covered_lines": 5, "num_statements": 5, "percent_covered": 100.0, "percent_covered_display": "100", "missing_lines": 0, "excluded_lines": 0, "percent_statements_covered": 100.0, "percent_statements_covered_display": "100"}, "missing_lines": [], "excluded_lines": []}, "_dict_to_job_response": {"executed_lines": [370, 373, 374, 375, 378, 379, 380, 381, 382, 386, 387, 396], "summary": {"covered_lines": 12, "num_statements": 13, "percent_covered": 92.3076923076923, "percent_covered_display": "92", "missing_lines": 1, "excluded_lines": 0, "percent_statements_covered": 92.3076923076923, "percent_statements_covered_display": "92"}, "missing_lines": [388], "excluded_lines": []}, "_dict_to_execution_response": {"executed_lines": [420], "summary": {"covered_lines": 1, "num_statements": 1, "percent_covered": 100.0, "percent_covered_display": "100", "missing_lines": 0, "excluded_lines": 0, "percent_statements_covered": 100.0, "percent_statements_covered_display": "100"}, "missing_lines": [], "excluded_lines": []}, "create_template": {"executed_lines": [449, 450, 451, 479, 480, 482], "summary": {"covered_lines": 6, "num_statements": 6, "percent_covered": 100.0, "percent_covered_display": "100", "missing_lines": 0, "excluded_lines": 0, "percent_statements_covered": 100.0, "percent_statements_covered_display": "100"}, "missing_lines": [], "excluded_lines": []}, "get_template": {"executed_lines": [495, 496, 497, 501, 503, 504], "summary": {"covered_lines": 6, "num_statements": 7, "percent_covered": 85.71428571428571, "percent_covered_display": "86", "missing_lines": 1, "excluded_lines": 0, "percent_statements_covered": 85.71428571428571, "percent_statements_covered_display": "86"}, "missing_lines": [505], "excluded_lines": []}, "list_templates": {"executed_lines": [526, 527, 528, 529, 531, 535, 539, 540, 542, 543, 545], "summary": {"covered_lines": 11, "num_statements": 15, "percent_covered": 73.33333333333333, "percent_covered_display": "73", "missing_lines": 4, "excluded_lines": 0, "percent_statements_covered": 73.33333333333333, "percent_statements_covered_display": "73"}, "missing_lines": [532, 533, 536, 537], "excluded_lines": []}, "update_template": {"executed_lines": [], "summary": {"covered_lines": 0, "num_statements": 56, "percent_covered": 0.0, "percent_covered_display": "0", "missing_lines": 56, "excluded_lines": 0, "percent_statements_covered": 0.0, "percent_statements_covered_display": "0"}, "missing_lines": [559, 560, 562, 563, 565, 566, 567, 569, 570, 571, 573, 574, 575, 577, 578, 579, 581, 582, 583, 585, 586, 587, 589, 590, 591, 593, 594, 595, 597, 598, 599, 601, 602, 603, 605, 606, 607, 609, 610, 611, 613, 614, 615, 617, 618, 619, 621, 623, 625, 626, 628, 629, 630, 632, 633, 634], "excluded_lines": []}, "delete_template": {"executed_lines": [], "summary": {"covered_lines": 0, "num_statements": 5, "percent_covered": 0.0, "percent_covered_display": "0", "missing_lines": 5, "excluded_lines": 0, "percent_statements_covered": 0.0, "percent_statements_covered_display": "0"}, "missing_lines": [647, 648, 649, 650, 651], "excluded_lines": []}, "_dict_to_template_response": {"executed_lines": [657, 658, 659, 661], "summary": {"covered_lines": 4, "num_statements": 4, "percent_covered": 100.0, "percent_covered_display": "100", "missing_lines": 0, "excluded_lines": 0, "percent_statements_covered": 100.0, "percent_statements_covered_display": "100"}, "missing_lines": [], "excluded_lines": []}, "get_scheduler_analytics": {"executed_lines": [], "summary": {"covered_lines": 0, "num_statements": 33, "percent_covered": 0.0, "percent_covered_display": "0", "missing_lines": 33, "excluded_lines": 0, "percent_statements_covered": 0.0, "percent_statements_covered_display": "0"}, "missing_lines": [703, 704, 706, 707, 708, 709, 710, 711, 712, 713, 716, 717, 718, 719, 722, 731, 734, 745, 746, 747, 748, 751, 760, 761, 764, 779, 782, 794, 797, 813, 816, 834, 836], "excluded_lines": []}, "": {"executed_lines": [1, 3, 4, 5, 6, 7, 8, 10, 11, 21, 24, 30, 95, 118, 158, 255, 273, 287, 336, 368, 418, 439, 485, 508, 548, 637, 654, 687], "summary": {"covered_lines": 27, "num_statements": 27, "percent_covered": 100.0, "percent_covered_display": "100", "missing_lines": 0, "excluded_lines": 0, "percent_statements_covered": 100.0, "percent_statements_covered_display": "100"}, "missing_lines": [], "excluded_lines": []}}, "classes": {"": {"executed_lines": [1, 3, 4, 5, 6, 7, 8, 10, 11, 21, 24, 26, 27, 30, 40, 42, 43, 45, 70, 73, 74, 75, 83, 86, 87, 89, 90, 92, 95, 105, 106, 107, 111, 113, 114, 115, 118, 136, 137, 138, 139, 141, 142, 143, 145, 146, 147, 149, 150, 152, 153, 155, 158, 169, 170, 172, 173, 175, 179, 183, 187, 188, 189, 191, 195, 199, 203, 207, 208, 209, 211, 215, 219, 223, 227, 228, 230, 231, 234, 248, 250, 251, 255, 265, 266, 267, 268, 269, 270, 273, 284, 287, 336, 352, 353, 354, 363, 365, 368, 370, 373, 374, 375, 378, 379, 380, 381, 382, 386, 387, 396, 418, 420, 439, 449, 450, 451, 479, 480, 482, 485, 495, 496, 497, 501, 503, 504, 508, 526, 527, 528, 529, 531, 535, 539, 540, 542, 543, 545, 548, 637, 654, 657, 658, 659, 661, 687], "summary": {"covered_lines": 146, "num_statements": 279, "percent_covered": 52.32974910394265, "percent_covered_display": "52", "missing_lines": 133, "excluded_lines": 0, "percent_statements_covered": 52.32974910394265, "percent_statements_covered_display": "52"}, "missing_lines": [88, 176, 177, 180, 181, 184, 185, 192, 193, 196, 197, 200, 201, 204, 205, 212, 213, 216, 217, 220, 221, 225, 236, 239, 240, 252, 311, 312, 313, 324, 327, 332, 333, 388, 505, 532, 533, 536, 537, 559, 560, 562, 563, 565, 566, 567, 569, 570, 571, 573, 574, 575, 577, 578, 579, 581, 582, 583, 585, 586, 587, 589, 590, 591, 593, 594, 595, 597, 598, 599, 601, 602, 603, 605, 606, 607, 609, 610, 611, 613, 614, 615, 617, 618, 619, 621, 623, 625, 626, 628, 629, 630, 632, 633, 634, 647, 648, 649, 650, 651, 703, 704, 706, 707, 708, 709, 710, 711, 712, 713, 716, 717, 718, 719, 722, 731, 734, 745, 746, 747, 748, 751, 760, 761, 764, 779, 782, 794, 797, 813, 816, 834, 836], "excluded_lines": []}}}, "src\\investment_platform\\api\\websocket.py": {"executed_lines": [1, 3, 4, 5, 6, 8, 10, 13, 16, 35, 36], "summary": {"covered_lines": 10, "num_statements": 34, "percent_covered": 29.41176470588235, "percent_covered_display": "29", "missing_lines": 24, "excluded_lines": 0, "percent_statements_covered": 29.41176470588235, "percent_statements_covered_display": "29"}, "missing_lines": [18, 19, 21, 22, 24, 25, 26, 27, 28, 29, 32, 38, 39, 40, 42, 43, 45, 47, 48, 49, 50, 51, 52, 53], "excluded_lines": [], "functions": {"broadcast_job_update": {"executed_lines": [], "summary": {"covered_lines": 0, "num_statements": 11, "percent_covered": 0.0, "percent_covered_display": "0", "missing_lines": 11, "excluded_lines": 0, "percent_statements_covered": 0.0, "percent_statements_covered_display": "0"}, "missing_lines": [18, 19, 21, 22, 24, 25, 26, 27, 28, 29, 32], "excluded_lines": []}, "websocket_endpoint": {"executed_lines": [], "summary": {"covered_lines": 0, "num_statements": 13, "percent_covered": 0.0, "percent_covered_display": "0", "missing_lines": 13, "excluded_lines": 0, "percent_statements_covered": 0.0, "percent_statements_covered_display": "0"}, "missing_lines": [38, 39, 40, 42, 43, 45, 47, 48, 49, 50, 51, 52, 53], "excluded_lines": []}, "": {"executed_lines": [1, 3, 4, 5, 6, 8, 10, 13, 16, 35, 36], "summary": {"covered_lines": 10, "num_statements": 10, "percent_covered": 100.0, "percent_covered_display": "100", "missing_lines": 0, "excluded_lines": 0, "percent_statements_covered": 100.0, "percent_statements_covered_display": "100"}, "missing_lines": [], "excluded_lines": []}}, "classes": {"": {"executed_lines": [1, 3, 4, 5, 6, 8, 10, 13, 16, 35, 36], "summary": {"covered_lines": 10, "num_statements": 34, "percent_covered": 29.41176470588235, "percent_covered_display": "29", "missing_lines": 24, "excluded_lines": 0, "percent_statements_covered": 29.41176470588235, "percent_statements_covered_display": "29"}, "missing_lines": [18, 19, 21, 22, 24, 25, 26, 27, 28, 29, 32, 38, 39, 40, 42, 43, 45, 47, 48, 49, 50, 51, 52, 53], "excluded_lines": []}}}, "src\\investment_platform\\collectors\\__init__.py": {"executed_lines": [1, 3, 11, 12, 13, 14, 15, 16, 18], "summary": {"covered_lines": 8, "num_statements": 8, "percent_covered": 100.0, "percent_covered_display": "100", "missing_lines": 0, "excluded_lines": 0, "percent_statements_covered": 100.0, "percent_statements_covered_display": "100"}, "missing_lines": [], "excluded_lines": [], "functions": {"": {"executed_lines": [1, 3, 11, 12, 13, 14, 15, 16, 18], "summary": {"covered_lines": 8, "num_statements": 8, "percent_covered": 100.0, "percent_covered_display": "100", "missing_lines": 0, "excluded_lines": 0, "percent_statements_covered": 100.0, "percent_statements_covered_display": "100"}, "missing_lines": [], "excluded_lines": []}}, "classes": {"": {"executed_lines": [1, 3, 11, 12, 13, 14, 15, 16, 18], "summary": {"covered_lines": 8, "num_statements": 8, "percent_covered": 100.0, "percent_covered_display": "100", "missing_lines": 0, "excluded_lines": 0, "percent_statements_covered": 100.0, "percent_statements_covered_display": "100"}, "missing_lines": [], "excluded_lines": []}}}, "src\\investment_platform\\collectors\\base.py": {"executed_lines": [1, 3, 4, 5, 6, 8, 9, 10, 17, 20, 21, 23, 26, 27, 29, 32, 33, 35, 38, 39, 41, 44, 45, 47, 50, 51, 67, 87, 88, 89, 90, 91, 94, 95, 96, 97, 98, 101, 102, 103, 107, 108, 132, 133, 148, 170, 193, 208, 209, 228, 253, 274, 290, 291, 294, 296, 299, 301, 304, 308, 326, 329, 331, 335, 336, 337, 341, 344, 346, 371, 381, 382, 384, 390, 443], "summary": {"covered_lines": 68, "num_statements": 156, "percent_covered": 43.58974358974359, "percent_covered_display": "44", "missing_lines": 88, "excluded_lines": 0, "percent_statements_covered": 43.58974358974359, "percent_statements_covered_display": "44"}, "missing_lines": [105, 130, 146, 159, 165, 166, 168, 185, 186, 191, 210, 212, 213, 214, 215, 217, 218, 219, 220, 221, 222, 224, 226, 243, 245, 246, 247, 248, 249, 251, 265, 266, 267, 268, 270, 292, 297, 302, 305, 306, 327, 332, 333, 338, 342, 354, 355, 356, 357, 359, 362, 363, 364, 365, 366, 367, 369, 385, 386, 420, 421, 423, 424, 425, 434, 435, 436, 438, 440, 441, 466, 467, 470, 471, 474, 477, 478, 481, 482, 483, 484, 485, 488, 491, 492, 493, 494, 498], "excluded_lines": [], "functions": {"BaseDataCollector.__init__": {"executed_lines": [87, 88, 89, 90, 91, 94, 95, 96, 97, 98, 101, 102, 103], "summary": {"covered_lines": 13, "num_statements": 14, "percent_covered": 92.85714285714286, "percent_covered_display": "93", "missing_lines": 1, "excluded_lines": 0, "percent_statements_covered": 92.85714285714286, "percent_statements_covered_display": "93"}, "missing_lines": [105], "excluded_lines": []}, "BaseDataCollector.collect_historical_data": {"executed_lines": [], "summary": {"covered_lines": 0, "num_statements": 1, "percent_covered": 0.0, "percent_covered_display": "0", "missing_lines": 1, "excluded_lines": 0, "percent_statements_covered": 0.0, "percent_statements_covered_display": "0"}, "missing_lines": [130], "excluded_lines": []}, "BaseDataCollector.get_asset_info": {"executed_lines": [], "summary": {"covered_lines": 0, "num_statements": 1, "percent_covered": 0.0, "percent_covered_display": "0", "missing_lines": 1, "excluded_lines": 0, "percent_statements_covered": 0.0, "percent_statements_covered_display": "0"}, "missing_lines": [146], "excluded_lines": []}, "BaseDataCollector._retry_on_failure": {"executed_lines": [], "summary": {"covered_lines": 0, "num_statements": 3, "percent_covered": 0.0, "percent_covered_display": "0", "missing_lines": 3, "excluded_lines": 0, "percent_statements_covered": 0.0, "percent_statements_covered_display": "0"}, "missing_lines": [159, 165, 168], "excluded_lines": []}, "BaseDataCollector._retry_on_failure.wrapper": {"executed_lines": [], "summary": {"covered_lines": 0, "num_statements": 1, "percent_covered": 0.0, "percent_covered_display": "0", "missing_lines": 1, "excluded_lines": 0, "percent_statements_covered": 0.0, "percent_statements_covered_display": "0"}, "missing_lines": [166], "excluded_lines": []}, "BaseDataCollector._rate_limit": {"executed_lines": [], "summary": {"covered_lines": 0, "num_statements": 3, "percent_covered": 0.0, "percent_covered_display": "0", "missing_lines": 3, "excluded_lines": 0, "percent_statements_covered": 0.0, "percent_statements_covered_display": "0"}, "missing_lines": [185, 186, 191], "excluded_lines": []}, "BaseDataCollector._convert_to_dataframe": {"executed_lines": [208, 209], "summary": {"covered_lines": 2, "num_statements": 15, "percent_covered": 13.333333333333334, "percent_covered_display": "13", "missing_lines": 13, "excluded_lines": 0, "percent_statements_covered": 13.333333333333334, "percent_statements_covered_display": "13"}, "missing_lines": [210, 212, 213, 214, 215, 217, 218, 219, 220, 221, 222, 224, 226], "excluded_lines": []}, "BaseDataCollector._convert_to_dict": {"executed_lines": [], "summary": {"covered_lines": 0, "num_statements": 7, "percent_covered": 0.0, "percent_covered_display": "0", "missing_lines": 7, "excluded_lines": 0, "percent_statements_covered": 0.0, "percent_statements_covered_display": "0"}, "missing_lines": [243, 245, 246, 247, 248, 249, 251], "excluded_lines": []}, "BaseDataCollector._format_output": {"executed_lines": [], "summary": {"covered_lines": 0, "num_statements": 5, "percent_covered": 0.0, "percent_covered_display": "0", "missing_lines": 5, "excluded_lines": 0, "percent_statements_covered": 0.0, "percent_statements_covered_display": "0"}, "missing_lines": [265, 266, 267, 268, 270], "excluded_lines": []}, "BaseDataCollector._validate_dates": {"executed_lines": [290, 291, 294, 296, 299, 301, 304], "summary": {"covered_lines": 7, "num_statements": 12, "percent_covered": 58.333333333333336, "percent_covered_display": "58", "missing_lines": 5, "excluded_lines": 0, "percent_statements_covered": 58.333333333333336, "percent_statements_covered_display": "58"}, "missing_lines": [292, 297, 302, 305, 306], "excluded_lines": []}, "BaseDataCollector._validate_data": {"executed_lines": [326, 329, 331, 335, 336, 337, 341, 344], "summary": {"covered_lines": 8, "num_statements": 13, "percent_covered": 61.53846153846154, "percent_covered_display": "62", "missing_lines": 5, "excluded_lines": 0, "percent_statements_covered": 61.53846153846154, "percent_statements_covered_display": "62"}, "missing_lines": [327, 332, 333, 338, 342], "excluded_lines": []}, "BaseDataCollector._handle_error": {"executed_lines": [], "summary": {"covered_lines": 0, "num_statements": 12, "percent_covered": 0.0, "percent_covered_display": "0", "missing_lines": 12, "excluded_lines": 0, "percent_statements_covered": 0.0, "percent_statements_covered_display": "0"}, "missing_lines": [354, 355, 356, 357, 359, 362, 363, 364, 365, 366, 367, 369], "excluded_lines": []}, "BaseDataCollector._init_yfinance": {"executed_lines": [381, 382, 384], "summary": {"covered_lines": 3, "num_statements": 5, "percent_covered": 60.0, "percent_covered_display": "60", "missing_lines": 2, "excluded_lines": 0, "percent_statements_covered": 60.0, "percent_statements_covered_display": "60"}, "missing_lines": [385, 386], "excluded_lines": []}, "BaseDataCollector._fetch_yfinance_history": {"executed_lines": [], "summary": {"covered_lines": 0, "num_statements": 11, "percent_covered": 0.0, "percent_covered_display": "0", "missing_lines": 11, "excluded_lines": 0, "percent_statements_covered": 0.0, "percent_statements_covered_display": "0"}, "missing_lines": [420, 421, 423, 424, 425, 434, 435, 436, 438, 440, 441], "excluded_lines": []}, "BaseDataCollector._standardize_yfinance_data": {"executed_lines": [], "summary": {"covered_lines": 0, "num_statements": 18, "percent_covered": 0.0, "percent_covered_display": "0", "missing_lines": 18, "excluded_lines": 0, "percent_statements_covered": 0.0, "percent_statements_covered_display": "0"}, "missing_lines": [466, 467, 470, 471, 474, 477, 478, 481, 482, 483, 484, 485, 488, 491, 492, 493, 494, 498], "excluded_lines": []}, "": {"executed_lines": [1, 3, 4, 5, 6, 8, 9, 10, 17, 20, 21, 23, 26, 27, 29, 32, 33, 35, 38, 39, 41, 44, 45, 47, 50, 51, 67, 107, 108, 132, 133, 148, 170, 193, 228, 253, 274, 308, 346, 371, 390, 443], "summary": {"covered_lines": 35, "num_statements": 35, "percent_covered": 100.0, "percent_covered_display": "100", "missing_lines": 0, "excluded_lines": 0, "percent_statements_covered": 100.0, "percent_statements_covered_display": "100"}, "missing_lines": [], "excluded_lines": []}}, "classes": {"DataCollectionError": {"executed_lines": [], "summary": {"covered_lines": 0, "num_statements": 0, "percent_covered": 100.0, "percent_covered_display": "100", "missing_lines": 0, "excluded_lines": 0, "percent_statements_covered": 100.0, "percent_statements_covered_display": "100"}, "missing_lines": [], "excluded_lines": []}, "APIError": {"executed_lines": [], "summary": {"covered_lines": 0, "num_statements": 0, "percent_covered": 100.0, "percent_covered_display": "100", "missing_lines": 0, "excluded_lines": 0, "percent_statements_covered": 100.0, "percent_statements_covered_display": "100"}, "missing_lines": [], "excluded_lines": []}, "RateLimitError": {"executed_lines": [], "summary": {"covered_lines": 0, "num_statements": 0, "percent_covered": 100.0, "percent_covered_display": "100", "missing_lines": 0, "excluded_lines": 0, "percent_statements_covered": 100.0, "percent_statements_covered_display": "100"}, "missing_lines": [], "excluded_lines": []}, "ValidationError": {"executed_lines": [], "summary": {"covered_lines": 0, "num_statements": 0, "percent_covered": 100.0, "percent_covered_display": "100", "missing_lines": 0, "excluded_lines": 0, "percent_statements_covered": 100.0, "percent_statements_covered_display": "100"}, "missing_lines": [], "excluded_lines": []}, "ConfigurationError": {"executed_lines": [], "summary": {"covered_lines": 0, "num_statements": 0, "percent_covered": 100.0, "percent_covered_display": "100", "missing_lines": 0, "excluded_lines": 0, "percent_statements_covered": 100.0, "percent_statements_covered_display": "100"}, "missing_lines": [], "excluded_lines": []}, "BaseDataCollector": {"executed_lines": [87, 88, 89, 90, 91, 94, 95, 96, 97, 98, 101, 102, 103, 208, 209, 290, 291, 294, 296, 299, 301, 304, 326, 329, 331, 335, 336, 337, 341, 344, 381, 382, 384], "summary": {"covered_lines": 33, "num_statements": 121, "percent_covered": 27.272727272727273, "percent_covered_display": "27", "missing_lines": 88, "excluded_lines": 0, "percent_statements_covered": 27.272727272727273, "percent_statements_covered_display": "27"}, "missing_lines": [105, 130, 146, 159, 165, 166, 168, 185, 186, 191, 210, 212, 213, 214, 215, 217, 218, 219, 220, 221, 222, 224, 226, 243, 245, 246, 247, 248, 249, 251, 265, 266, 267, 268, 270, 292, 297, 302, 305, 306, 327, 332, 333, 338, 342, 354, 355, 356, 357, 359, 362, 363, 364, 365, 366, 367, 369, 385, 386, 420, 421, 423, 424, 425, 434, 435, 436, 438, 440, 441, 466, 467, 470, 471, 474, 477, 478, 481, 482, 483, 484, 485, 488, 491, 492, 493, 494, 498], "excluded_lines": []}, "": {"executed_lines": [1, 3, 4, 5, 6, 8, 9, 10, 17, 20, 21, 23, 26, 27, 29, 32, 33, 35, 38, 39, 41, 44, 45, 47, 50, 51, 67, 107, 108, 132, 133, 148, 170, 193, 228, 253, 274, 308, 346, 371, 390, 443], "summary": {"covered_lines": 35, "num_statements": 35, "percent_covered": 100.0, "percent_covered_display": "100", "missing_lines": 0, "excluded_lines": 0, "percent_statements_covered": 100.0, "percent_statements_covered_display": "100"}, "missing_lines": [], "excluded_lines": []}}}, "src\\investment_platform\\collectors\\bond_collector.py": {"executed_lines": [1, 3, 4, 6, 8, 15, 18, 19, 26, 36, 77, 164, 241], "summary": {"covered_lines": 11, "num_statements": 100, "percent_covered": 11.0, "percent_covered_display": "11", "missing_lines": 89, "excluded_lines": 0, "percent_statements_covered": 11.0, "percent_statements_covered_display": "11"}, "missing_lines": [53, 56, 57, 59, 61, 62, 68, 69, 71, 72, 73, 105, 107, 109, 112, 115, 116, 119, 121, 122, 123, 127, 129, 130, 131, 134, 135, 139, 140, 141, 143, 144, 149, 150, 151, 154, 156, 158, 160, 161, 162, 177, 178, 181, 184, 185, 186, 188, 189, 190, 192, 195, 205, 208, 222, 229, 230, 231, 233, 235, 237, 238, 239, 259, 261, 275, 276, 282, 285, 286, 287, 288, 293, 295, 296, 297, 305, 306, 307, 309, 310, 311, 313, 314, 316, 318, 320, 321, 322], "excluded_lines": [], "functions": {"BondCollector.__init__": {"executed_lines": [], "summary": {"covered_lines": 0, "num_statements": 11, "percent_covered": 0.0, "percent_covered_display": "0", "missing_lines": 11, "excluded_lines": 0, "percent_statements_covered": 0.0, "percent_statements_covered_display": "0"}, "missing_lines": [53, 56, 57, 59, 61, 62, 68, 69, 71, 72, 73], "excluded_lines": []}, "BondCollector.collect_historical_data": {"executed_lines": [], "summary": {"covered_lines": 0, "num_statements": 30, "percent_covered": 0.0, "percent_covered_display": "0", "missing_lines": 30, "excluded_lines": 0, "percent_statements_covered": 0.0, "percent_statements_covered_display": "0"}, "missing_lines": [105, 107, 109, 112, 115, 116, 119, 121, 122, 123, 127, 129, 130, 131, 134, 135, 139, 140, 141, 143, 144, 149, 150, 151, 154, 156, 158, 160, 161, 162], "excluded_lines": []}, "BondCollector.get_asset_info": {"executed_lines": [], "summary": {"covered_lines": 0, "num_statements": 22, "percent_covered": 0.0, "percent_covered_display": "0", "missing_lines": 22, "excluded_lines": 0, "percent_statements_covered": 0.0, "percent_statements_covered_display": "0"}, "missing_lines": [177, 178, 181, 184, 185, 186, 188, 189, 190, 192, 195, 205, 208, 222, 229, 230, 231, 233, 235, 237, 238, 239], "excluded_lines": []}, "BondCollector.get_yield_curve": {"executed_lines": [], "summary": {"covered_lines": 0, "num_statements": 26, "percent_covered": 0.0, "percent_covered_display": "0", "missing_lines": 26, "excluded_lines": 0, "percent_statements_covered": 0.0, "percent_statements_covered_display": "0"}, "missing_lines": [259, 261, 275, 276, 282, 285, 286, 287, 288, 293, 295, 296, 297, 305, 306, 307, 309, 310, 311, 313, 314, 316, 318, 320, 321, 322], "excluded_lines": []}, "": {"executed_lines": [1, 3, 4, 6, 8, 15, 18, 19, 26, 36, 77, 164, 241], "summary": {"covered_lines": 11, "num_statements": 11, "percent_covered": 100.0, "percent_covered_display": "100", "missing_lines": 0, "excluded_lines": 0, "percent_statements_covered": 100.0, "percent_statements_covered_display": "100"}, "missing_lines": [], "excluded_lines": []}}, "classes": {"BondCollector": {"executed_lines": [], "summary": {"covered_lines": 0, "num_statements": 89, "percent_covered": 0.0, "percent_covered_display": "0", "missing_lines": 89, "excluded_lines": 0, "percent_statements_covered": 0.0, "percent_statements_covered_display": "0"}, "missing_lines": [53, 56, 57, 59, 61, 62, 68, 69, 71, 72, 73, 105, 107, 109, 112, 115, 116, 119, 121, 122, 123, 127, 129, 130, 131, 134, 135, 139, 140, 141, 143, 144, 149, 150, 151, 154, 156, 158, 160, 161, 162, 177, 178, 181, 184, 185, 186, 188, 189, 190, 192, 195, 205, 208, 222, 229, 230, 231, 233, 235, 237, 238, 239, 259, 261, 275, 276, 282, 285, 286, 287, 288, 293, 295, 296, 297, 305, 306, 307, 309, 310, 311, 313, 314, 316, 318, 320, 321, 322], "excluded_lines": []}, "": {"executed_lines": [1, 3, 4, 6, 8, 15, 18, 19, 26, 36, 77, 164, 241], "summary": {"covered_lines": 11, "num_statements": 11, "percent_covered": 100.0, "percent_covered_display": "100", "missing_lines": 0, "excluded_lines": 0, "percent_statements_covered": 100.0, "percent_statements_covered_display": "100"}, "missing_lines": [], "excluded_lines": []}}}, "src\\investment_platform\\collectors\\commodity_collector.py": {"executed_lines": [1, 3, 4, 6, 8, 16, 17, 24, 36, 49, 129, 163, 230], "summary": {"covered_lines": 11, "num_statements": 78, "percent_covered": 14.102564102564102, "percent_covered_display": "14", "missing_lines": 67, "excluded_lines": 0, "percent_statements_covered": 14.102564102564102, "percent_statements_covered_display": "14"}, "missing_lines": [44, 47, 76, 78, 80, 83, 85, 86, 91, 94, 105, 106, 112, 119, 121, 123, 125, 126, 127, 139, 142, 143, 146, 147, 150, 151, 152, 153, 154, 155, 156, 157, 158, 159, 161, 176, 177, 180, 182, 183, 188, 189, 190, 192, 193, 197, 208, 215, 216, 217, 219, 220, 221, 222, 226, 227, 228, 243, 244, 247, 248, 249, 258, 260, 262, 263, 264], "excluded_lines": [], "functions": {"CommodityCollector.__init__": {"executed_lines": [], "summary": {"covered_lines": 0, "num_statements": 2, "percent_covered": 0.0, "percent_covered_display": "0", "missing_lines": 2, "excluded_lines": 0, "percent_statements_covered": 0.0, "percent_statements_covered_display": "0"}, "missing_lines": [44, 47], "excluded_lines": []}, "CommodityCollector.collect_historical_data": {"executed_lines": [], "summary": {"covered_lines": 0, "num_statements": 17, "percent_covered": 0.0, "percent_covered_display": "0", "missing_lines": 17, "excluded_lines": 0, "percent_statements_covered": 0.0, "percent_statements_covered_display": "0"}, "missing_lines": [76, 78, 80, 83, 85, 86, 91, 94, 105, 106, 112, 119, 121, 123, 125, 126, 127], "excluded_lines": []}, "CommodityCollector._get_yfinance_symbol": {"executed_lines": [], "summary": {"covered_lines": 0, "num_statements": 16, "percent_covered": 0.0, "percent_covered_display": "0", "missing_lines": 16, "excluded_lines": 0, "percent_statements_covered": 0.0, "percent_statements_covered_display": "0"}, "missing_lines": [139, 142, 143, 146, 147, 150, 151, 152, 153, 154, 155, 156, 157, 158, 159, 161], "excluded_lines": []}, "CommodityCollector.get_asset_info": {"executed_lines": [], "summary": {"covered_lines": 0, "num_statements": 22, "percent_covered": 0.0, "percent_covered_display": "0", "missing_lines": 22, "excluded_lines": 0, "percent_statements_covered": 0.0, "percent_statements_covered_display": "0"}, "missing_lines": [176, 177, 180, 182, 183, 188, 189, 190, 192, 193, 197, 208, 215, 216, 217, 219, 220, 221, 222, 226, 227, 228], "excluded_lines": []}, "CommodityCollector.get_available_commodities": {"executed_lines": [], "summary": {"covered_lines": 0, "num_statements": 10, "percent_covered": 0.0, "percent_covered_display": "0", "missing_lines": 10, "excluded_lines": 0, "percent_statements_covered": 0.0, "percent_statements_covered_display": "0"}, "missing_lines": [243, 244, 247, 248, 249, 258, 260, 262, 263, 264], "excluded_lines": []}, "": {"executed_lines": [1, 3, 4, 6, 8, 16, 17, 24, 36, 49, 129, 163, 230], "summary": {"covered_lines": 11, "num_statements": 11, "percent_covered": 100.0, "percent_covered_display": "100", "missing_lines": 0, "excluded_lines": 0, "percent_statements_covered": 100.0, "percent_statements_covered_display": "100"}, "missing_lines": [], "excluded_lines": []}}, "classes": {"CommodityCollector": {"executed_lines": [], "summary": {"covered_lines": 0, "num_statements": 67, "percent_covered": 0.0, "percent_covered_display": "0", "missing_lines": 67, "excluded_lines": 0, "percent_statements_covered": 0.0, "percent_statements_covered_display": "0"}, "missing_lines": [44, 47, 76, 78, 80, 83, 85, 86, 91, 94, 105, 106, 112, 119, 121, 123, 125, 126, 127, 139, 142, 143, 146, 147, 150, 151, 152, 153, 154, 155, 156, 157, 158, 159, 161, 176, 177, 180, 182, 183, 188, 189, 190, 192, 193, 197, 208, 215, 216, 217, 219, 220, 221, 222, 226, 227, 228, 243, 244, 247, 248, 249, 258, 260, 262, 263, 264], "excluded_lines": []}, "": {"executed_lines": [1, 3, 4, 6, 8, 16, 17, 24, 36, 49, 129, 163, 230], "summary": {"covered_lines": 11, "num_statements": 11, "percent_covered": 100.0, "percent_covered_display": "100", "missing_lines": 0, "excluded_lines": 0, "percent_statements_covered": 100.0, "percent_statements_covered_display": "100"}, "missing_lines": [], "excluded_lines": []}}}, "src\\investment_platform\\collectors\\crypto_collector.py": {"executed_lines": [1, 3, 4, 6, 8, 13, 16, 17, 28, 71, 260], "summary": {"covered_lines": 9, "num_statements": 123, "percent_covered": 7.317073170731708, "percent_covered_display": "7", "missing_lines": 114, "excluded_lines": 0, "percent_statements_covered": 7.317073170731708, "percent_statements_covered_display": "7"}, "missing_lines": [44, 47, 48, 49, 51, 54, 55, 57, 58, 61, 62, 65, 66, 98, 100, 102, 106, 107, 110, 119, 120, 123, 124, 125, 126, 127, 128, 129, 132, 133, 134, 135, 137, 138, 139, 142, 143, 144, 145, 146, 149, 159, 160, 161, 162, 165, 166, 167, 168, 169, 170, 173, 174, 175, 176, 177, 179, 180, 181, 184, 187, 188, 189, 191, 194, 204, 205, 206, 209, 211, 212, 213, 214, 215, 218, 220, 221, 223, 224, 225, 227, 231, 233, 238, 239, 241, 243, 246, 247, 250, 252, 254, 256, 257, 258, 273, 274, 277, 279, 280, 285, 286, 287, 288, 291, 292, 299, 300, 302, 320, 322, 324, 325, 326], "excluded_lines": [], "functions": {"CryptoCollector.__init__": {"executed_lines": [], "summary": {"covered_lines": 0, "num_statements": 13, "percent_covered": 0.0, "percent_covered_display": "0", "missing_lines": 13, "excluded_lines": 0, "percent_statements_covered": 0.0, "percent_statements_covered_display": "0"}, "missing_lines": [44, 47, 48, 49, 51, 54, 55, 57, 58, 61, 62, 65, 66], "excluded_lines": []}, "CryptoCollector.collect_historical_data": {"executed_lines": [], "summary": {"covered_lines": 0, "num_statements": 82, "percent_covered": 0.0, "percent_covered_display": "0", "missing_lines": 82, "excluded_lines": 0, "percent_statements_covered": 0.0, "percent_statements_covered_display": "0"}, "missing_lines": [98, 100, 102, 106, 107, 110, 119, 120, 123, 124, 125, 126, 127, 128, 129, 132, 133, 134, 135, 137, 138, 139, 142, 143, 144, 145, 146, 149, 159, 160, 161, 162, 165, 166, 167, 168, 169, 170, 173, 174, 175, 176, 177, 179, 180, 181, 184, 187, 188, 189, 191, 194, 204, 205, 206, 209, 211, 212, 213, 214, 215, 218, 220, 221, 223, 224, 225, 227, 231, 233, 238, 239, 241, 243, 246, 247, 250, 252, 254, 256, 257, 258], "excluded_lines": []}, "CryptoCollector.get_asset_info": {"executed_lines": [], "summary": {"covered_lines": 0, "num_statements": 19, "percent_covered": 0.0, "percent_covered_display": "0", "missing_lines": 19, "excluded_lines": 0, "percent_statements_covered": 0.0, "percent_statements_covered_display": "0"}, "missing_lines": [273, 274, 277, 279, 280, 285, 286, 287, 288, 291, 292, 299, 300, 302, 320, 322, 324, 325, 326], "excluded_lines": []}, "": {"executed_lines": [1, 3, 4, 6, 8, 13, 16, 17, 28, 71, 260], "summary": {"covered_lines": 9, "num_statements": 9, "percent_covered": 100.0, "percent_covered_display": "100", "missing_lines": 0, "excluded_lines": 0, "percent_statements_covered": 100.0, "percent_statements_covered_display": "100"}, "missing_lines": [], "excluded_lines": []}}, "classes": {"CryptoCollector": {"executed_lines": [], "summary": {"covered_lines": 0, "num_statements": 114, "percent_covered": 0.0, "percent_covered_display": "0", "missing_lines": 114, "excluded_lines": 0, "percent_statements_covered": 0.0, "percent_statements_covered_display": "0"}, "missing_lines": [44, 47, 48, 49, 51, 54, 55, 57, 58, 61, 62, 65, 66, 98, 100, 102, 106, 107, 110, 119, 120, 123, 124, 125, 126, 127, 128, 129, 132, 133, 134, 135, 137, 138, 139, 142, 143, 144, 145, 146, 149, 159, 160, 161, 162, 165, 166, 167, 168, 169, 170, 173, 174, 175, 176, 177, 179, 180, 181, 184, 187, 188, 189, 191, 194, 204, 205, 206, 209, 211, 212, 213, 214, 215, 218, 220, 221, 223, 224, 225, 227, 231, 233, 238, 239, 241, 243, 246, 247, 250, 252, 254, 256, 257, 258, 273, 274, 277, 279, 280, 285, 286, 287, 288, 291, 292, 299, 300, 302, 320, 322, 324, 325, 326], "excluded_lines": []}, "": {"executed_lines": [1, 3, 4, 6, 8, 13, 16, 17, 28, 71, 260], "summary": {"covered_lines": 9, "num_statements": 9, "percent_covered": 100.0, "percent_covered_display": "100", "missing_lines": 0, "excluded_lines": 0, "percent_statements_covered": 100.0, "percent_statements_covered_display": "100"}, "missing_lines": [], "excluded_lines": []}}}, "src\\investment_platform\\collectors\\economic_collector.py": {"executed_lines": [1, 3, 4, 6, 8, 14, 17, 18, 25, 66, 144, 212], "summary": {"covered_lines": 10, "num_statements": 84, "percent_covered": 11.904761904761905, "percent_covered_display": "12", "missing_lines": 74, "excluded_lines": 0, "percent_statements_covered": 11.904761904761905, "percent_statements_covered_display": "12"}, "missing_lines": [42, 45, 46, 48, 50, 51, 57, 58, 60, 61, 62, 89, 91, 93, 96, 100, 101, 102, 105, 108, 109, 112, 116, 117, 118, 120, 121, 126, 127, 128, 131, 134, 136, 138, 140, 141, 142, 157, 158, 161, 164, 165, 168, 169, 170, 172, 173, 175, 176, 179, 182, 194, 200, 201, 202, 204, 206, 208, 209, 210, 226, 227, 230, 232, 233, 234, 237, 238, 239, 249, 251, 253, 254, 255], "excluded_lines": [], "functions": {"EconomicCollector.__init__": {"executed_lines": [], "summary": {"covered_lines": 0, "num_statements": 11, "percent_covered": 0.0, "percent_covered_display": "0", "missing_lines": 11, "excluded_lines": 0, "percent_statements_covered": 0.0, "percent_statements_covered_display": "0"}, "mi
[...]
lines": []}, "RequestCoordinator._process_batch": {"executed_lines": [], "summary": {"covered_lines": 0, "num_statements": 5, "percent_covered": 0.0, "percent_covered_display": "0", "missing_lines": 5, "excluded_lines": 0, "percent_statements_covered": 0.0, "percent_statements_covered_display": "0"}, "missing_lines": [275, 277, 278, 280, 283], "excluded_lines": []}, "RequestCoordinator._group_requests_for_batching": {"executed_lines": [], "summary": {"covered_lines": 0, "num_statements": 6, "percent_covered": 0.0, "percent_covered_display": "0", "missing_lines": 6, "excluded_lines": 0, "percent_statements_covered": 0.0, "percent_statements_covered_display": "0"}, "missing_lines": [300, 302, 304, 305, 306, 308], "excluded_lines": []}, "RequestCoordinator._execute_batch": {"executed_lines": [], "summary": {"covered_lines": 0, "num_statements": 28, "percent_covered": 0.0, "percent_covered_display": "0", "missing_lines": 28, "excluded_lines": 0, "percent_statements_covered": 0.0, "percent_statements_covered_display": "0"}, "missing_lines": [318, 320, 321, 323, 329, 332, 334, 342, 343, 344, 345, 348, 349, 352, 353, 354, 355, 358, 361, 362, 364, 365, 367, 368, 369, 370, 371, 372], "excluded_lines": []}, "RequestCoordinator._execute_request": {"executed_lines": [], "summary": {"covered_lines": 0, "num_statements": 8, "percent_covered": 0.0, "percent_covered_display": "0", "missing_lines": 8, "excluded_lines": 0, "percent_statements_covered": 0.0, "percent_statements_covered_display": "0"}, "missing_lines": [381, 382, 384, 391, 393, 394, 395, 396], "excluded_lines": []}, "RequestCoordinator._execute_immediate": {"executed_lines": [], "summary": {"covered_lines": 0, "num_statements": 8, "percent_covered": 0.0, "percent_covered_display": "0", "missing_lines": 8, "excluded_lines": 0, "percent_statements_covered": 0.0, "percent_statements_covered_display": "0"}, "missing_lines": [412, 414, 415, 418, 420, 422, 435, 436], "excluded_lines": []}, "RequestCoordinator._execute_immediate.execute": {"executed_lines": [], "summary": {"covered_lines": 0, "num_statements": 8, "percent_covered": 0.0, "percent_covered_display": "0", "missing_lines": 8, "excluded_lines": 0, "percent_statements_covered": 0.0, "percent_statements_covered_display": "0"}, "missing_lines": [423, 424, 425, 428, 429, 430, 431, 433], "excluded_lines": []}, "RequestCoordinator._get_collector_instance": {"executed_lines": [], "summary": {"covered_lines": 0, "num_statements": 6, "percent_covered": 0.0, "percent_covered_display": "0", "missing_lines": 6, "excluded_lines": 0, "percent_statements_covered": 0.0, "percent_statements_covered_display": "0"}, "missing_lines": [448, 457, 466, 467, 468, 470], "excluded_lines": []}, "RequestCoordinator.shutdown": {"executed_lines": [474, 475, 476], "summary": {"covered_lines": 3, "num_statements": 3, "percent_covered": 100.0, "percent_covered_display": "100", "missing_lines": 0, "excluded_lines": 0, "percent_statements_covered": 100.0, "percent_statements_covered_display": "100"}, "missing_lines": [], "excluded_lines": []}, "get_coordinator": {"executed_lines": [488, 489, 490, 491], "summary": {"covered_lines": 4, "num_statements": 4, "percent_covered": 100.0, "percent_covered_display": "100", "missing_lines": 0, "excluded_lines": 0, "percent_statements_covered": 100.0, "percent_statements_covered_display": "100"}, "missing_lines": [], "excluded_lines": []}, "": {"executed_lines": [1, 3, 4, 5, 6, 7, 8, 9, 10, 11, 13, 16, 17, 18, 20, 21, 22, 23, 24, 25, 26, 27, 28, 29, 32, 33, 34, 36, 37, 38, 39, 40, 43, 44, 52, 58, 93, 188, 221, 229, 265, 285, 310, 374, 398, 438, 472, 480, 481, 484], "summary": {"covered_lines": 46, "num_statements": 46, "percent_covered": 100.0, "percent_covered_display": "100", "missing_lines": 0, "excluded_lines": 0, "percent_statements_covered": 100.0, "percent_statements_covered_display": "100"}, "missing_lines": [], "excluded_lines": []}}, "classes": {"Request": {"executed_lines": [], "summary": {"covered_lines": 0, "num_statements": 0, "percent_covered": 100.0, "percent_covered_display": "100", "missing_lines": 0, "excluded_lines": 0, "percent_statements_covered": 100.0, "percent_statements_covered_display": "100"}, "missing_lines": [], "excluded_lines": []}, "BatchRequest": {"executed_lines": [], "summary": {"covered_lines": 0, "num_statements": 0, "percent_covered": 100.0, "percent_covered_display": "100", "missing_lines": 0, "excluded_lines": 0, "percent_statements_covered": 100.0, "percent_statements_covered_display": "100"}, "missing_lines": [], "excluded_lines": []}, "RequestCoordinator": {"executed_lines": [72, 73, 74, 75, 77, 78, 79, 80, 81, 82, 83, 85, 86, 474, 475, 476], "summary": {"covered_lines": 16, "num_statements": 139, "percent_covered": 11.510791366906474, "percent_covered_display": "12", "missing_lines": 123, "excluded_lines": 0, "percent_statements_covered": 11.510791366906474, "percent_statements_covered_display": "12"}, "missing_lines": [91, 123, 124, 125, 127, 128, 129, 130, 132, 133, 134, 135, 138, 150, 151, 152, 154, 155, 156, 157, 158, 159, 161, 164, 177, 200, 201, 213, 214, 217, 219, 223, 224, 226, 227, 231, 233, 235, 236, 237, 238, 241, 242, 245, 246, 247, 250, 252, 254, 257, 258, 260, 261, 263, 275, 277, 278, 280, 283, 300, 302, 304, 305, 306, 308, 318, 320, 321, 323, 329, 332, 334, 342, 343, 344, 345, 348, 349, 352, 353, 354, 355, 358, 361, 362, 364, 365, 367, 368, 369, 370, 371, 372, 381, 382, 384, 391, 393, 394, 395, 396, 412, 414, 415, 418, 420, 422, 423, 424, 425, 428, 429, 430, 431, 433, 435, 436, 448, 457, 466, 467, 468, 470], "excluded_lines": []}, "": {"executed_lines": [1, 3, 4, 5, 6, 7, 8, 9, 10, 11, 13, 16, 17, 18, 20, 21, 22, 23, 24, 25, 26, 27, 28, 29, 32, 33, 34, 36, 37, 38, 39, 40, 43, 44, 52, 58, 93, 188, 221, 229, 265, 285, 310, 374, 398, 438, 472, 480, 481, 484, 488, 489, 490, 491], "summary": {"covered_lines": 50, "num_statements": 50, "percent_covered": 100.0, "percent_covered_display": "100", "missing_lines": 0, "excluded_lines": 0, "percent_statements_covered": 100.0, "percent_statements_covered_display": "100"}, "missing_lines": [], "excluded_lines": []}}}, "src\\investment_platform\\ingestion\\scheduler.py": {"executed_lines": [1, 3, 4, 5, 6, 7, 8, 9, 10, 12, 13, 14, 15, 16, 17, 18, 20, 24, 25, 27, 30, 31, 33, 45, 51, 52, 55, 57, 61, 62, 66, 69, 74, 80, 81, 83, 118, 119, 122, 123, 124, 130, 131, 134, 135, 137, 139, 143, 144, 148, 149, 159, 160, 168, 170, 171, 174, 178, 192, 195, 202, 204, 206, 249, 307, 317, 318, 322, 324, 326, 330, 331, 336, 337, 338, 339, 340, 347, 350, 352, 353, 354, 357, 358, 360, 361, 368, 369, 371, 372, 373, 374, 377, 388, 390, 392, 394, 399, 401, 402, 403, 408, 480], "summary": {"covered_lines": 101, "num_statements": 164, "percent_covered": 61.58536585365854, "percent_covered_display": "62", "missing_lines": 63, "excluded_lines": 0, "percent_statements_covered": 61.58536585365854, "percent_statements_covered_display": "62"}, "missing_lines": [21, 22, 46, 58, 162, 167, 234, 240, 287, 298, 319, 320, 327, 332, 342, 362, 363, 365, 396, 397, 404, 405, 406, 410, 412, 413, 414, 415, 416, 417, 418, 421, 422, 424, 425, 426, 429, 430, 431, 432, 433, 434, 435, 437, 438, 440, 441, 442, 443, 448, 451, 456, 457, 460, 461, 464, 465, 466, 475, 476, 482, 483, 484], "excluded_lines": [], "functions": {"IngestionScheduler.__init__": {"executed_lines": [45, 51, 52, 55, 57, 61, 62, 66, 69, 74, 80, 81], "summary": {"covered_lines": 12, "num_statements": 14, "percent_covered": 85.71428571428571, "percent_covered_display": "86", "missing_lines": 2, "excluded_lines": 0, "percent_statements_covered": 85.71428571428571, "percent_statements_covered_display": "86"}, "missing_lines": [46, 58], "excluded_lines": []}, "IngestionScheduler.add_job": {"executed_lines": [118, 119, 122, 123, 124, 130, 131, 134, 195, 202, 204], "summary": {"covered_lines": 11, "num_statements": 11, "percent_covered": 100.0, "percent_covered_display": "100", "missing_lines": 0, "excluded_lines": 0, "percent_statements_covered": 100.0, "percent_statements_covered_display": "100"}, "missing_lines": [], "excluded_lines": []}, "IngestionScheduler.add_job.ingestion_job": {"executed_lines": [135, 137, 139, 143, 144, 148, 149, 159, 160, 168, 170, 171, 174, 178, 192], "summary": {"covered_lines": 15, "num_statements": 17, "percent_covered": 88.23529411764706, "percent_covered_display": "88", "missing_lines": 2, "excluded_lines": 0, "percent_statements_covered": 88.23529411764706, "percent_statements_covered_display": "88"}, "missing_lines": [162, 167], "excluded_lines": []}, "IngestionScheduler.add_interval_job": {"executed_lines": [], "summary": {"covered_lines": 0, "num_statements": 2, "percent_covered": 0.0, "percent_covered_display": "0", "missing_lines": 2, "excluded_lines": 0, "percent_statements_covered": 0.0, "percent_statements_covered_display": "0"}, "missing_lines": [234, 240], "excluded_lines": []}, "IngestionScheduler.add_cron_job": {"executed_lines": [], "summary": {"covered_lines": 0, "num_statements": 2, "percent_covered": 0.0, "percent_covered_display": "0", "missing_lines": 2, "excluded_lines": 0, "percent_statements_covered": 0.0, "percent_statements_covered_display": "0"}, "missing_lines": [287, 298], "excluded_lines": []}, "IngestionScheduler.load_config": {"executed_lines": [317, 318, 322, 324, 326, 330, 331, 336, 337, 338, 339, 340, 347, 350, 352, 353, 354, 357, 358, 360, 361, 368, 369, 371, 372, 373, 374, 377, 388, 390, 392], "summary": {"covered_lines": 31, "num_statements": 39, "percent_covered": 79.48717948717949, "percent_covered_display": "79", "missing_lines": 8, "excluded_lines": 0, "percent_statements_covered": 79.48717948717949, "percent_statements_covered_display": "79"}, "missing_lines": [319, 320, 327, 332, 342, 362, 363, 365], "excluded_lines": []}, "IngestionScheduler.start": {"executed_lines": [], "summary": {"covered_lines": 0, "num_statements": 2, "percent_covered": 0.0, "percent_covered_display": "0", "missing_lines": 2, "excluded_lines": 0, "percent_statements_covered": 0.0, "percent_statements_covered_display": "0"}, "missing_lines": [396, 397], "excluded_lines": []}, "IngestionScheduler.shutdown": {"executed_lines": [401, 402, 403], "summary": {"covered_lines": 3, "num_statements": 6, "percent_covered": 50.0, "percent_covered_display": "50", "missing_lines": 3, "excluded_lines": 0, "percent_statements_covered": 50.0, "percent_statements_covered_display": "50"}, "missing_lines": [404, 405, 406], "excluded_lines": []}, "IngestionScheduler._job_listener": {"executed_lines": [], "summary": {"covered_lines": 0, "num_statements": 37, "percent_covered": 0.0, "percent_covered_display": "0", "missing_lines": 37, "excluded_lines": 0, "percent_statements_covered": 0.0, "percent_statements_covered_display": "0"}, "missing_lines": [410, 412, 413, 414, 415, 416, 417, 418, 421, 422, 424, 425, 426, 429, 430, 431, 432, 433, 434, 435, 437, 438, 440, 441, 442, 443, 448, 451, 456, 457, 460, 461, 464, 465, 466, 475, 476], "excluded_lines": []}, "IngestionScheduler._signal_handler": {"executed_lines": [], "summary": {"covered_lines": 0, "num_statements": 3, "percent_covered": 0.0, "percent_covered_display": "0", "missing_lines": 3, "excluded_lines": 0, "percent_statements_covered": 0.0, "percent_statements_covered_display": "0"}, "missing_lines": [482, 483, 484], "excluded_lines": []}, "": {"executed_lines": [1, 3, 4, 5, 6, 7, 8, 9, 10, 12, 13, 14, 15, 16, 17, 18, 20, 24, 25, 27, 30, 31, 33, 83, 206, 249, 307, 394, 399, 408, 480], "summary": {"covered_lines": 29, "num_statements": 31, "percent_covered": 93.54838709677419, "percent_covered_display": "94", "missing_lines": 2, "excluded_lines": 0, "percent_statements_covered": 93.54838709677419, "percent_statements_covered_display": "94"}, "missing_lines": [21, 22], "excluded_lines": []}}, "classes": {"IngestionScheduler": {"executed_lines": [45, 51, 52, 55, 57, 61, 62, 66, 69, 74, 80, 81, 118, 119, 122, 123, 124, 130, 131, 134, 135, 137, 139, 143, 144, 148, 149, 159, 160, 168, 170, 171, 174, 178, 192, 195, 202, 204, 317, 318, 322, 324, 326, 330, 331, 336, 337, 338, 339, 340, 347, 350, 352, 353, 354, 357, 358, 360, 361, 368, 369, 371, 372, 373, 374, 377, 388, 390, 392, 401, 402, 403], "summary": {"covered_lines": 72, "num_statements": 133, "percent_covered": 54.13533834586466, "percent_covered_display": "54", "missing_lines": 61, "excluded_lines": 0, "percent_statements_covered": 54.13533834586466, "percent_statements_covered_display": "54"}, "missing_lines": [46, 58, 162, 167, 234, 240, 287, 298, 319, 320, 327, 332, 342, 362, 363, 365, 396, 397, 404, 405, 406, 410, 412, 413, 414, 415, 416, 417, 418, 421, 422, 424, 425, 426, 429, 430, 431, 432, 433, 434, 435, 437, 438, 440, 441, 442, 443, 448, 451, 456, 457, 460, 461, 464, 465, 466, 475, 476, 482, 483, 484], "excluded_lines": []}, "": {"executed_lines": [1, 3, 4, 5, 6, 7, 8, 9, 10, 12, 13, 14, 15, 16, 17, 18, 20, 24, 25, 27, 30, 31, 33, 83, 206, 249, 307, 394, 399, 408, 480], "summary": {"covered_lines": 29, "num_statements": 31, "percent_covered": 93.54838709677419, "percent_covered_display": "94", "missing_lines": 2, "excluded_lines": 0, "percent_statements_covered": 93.54838709677419, "percent_statements_covered_display": "94"}, "missing_lines": [21, 22], "excluded_lines": []}}}, "src\\investment_platform\\ingestion\\schema_mapper.py": {"executed_lines": [1, 3, 4, 5, 7, 9, 12, 13, 16, 25, 27, 29, 40, 41, 44, 48, 51, 52, 54, 55, 58, 59, 60, 61, 62, 63, 64, 67, 71, 72, 74, 76, 77, 79, 81, 85, 88, 90, 92, 103, 107, 111, 114, 115, 116, 117, 118, 120, 123, 130, 139, 141, 145, 147, 149, 160, 164, 168, 171, 172, 173, 174, 175, 177, 180, 186, 195, 197, 199, 210, 214, 219, 223, 227, 228, 229, 230, 231, 234, 248, 263, 272, 274, 276, 288, 290, 293, 294, 295, 296], "summary": {"covered_lines": 88, "num_statements": 120, "percent_covered": 73.33333333333333, "percent_covered_display": "73", "missing_lines": 32, "excluded_lines": 0, "percent_statements_covered": 73.33333333333333, "percent_statements_covered_display": "73"}, "missing_lines": [45, 82, 83, 104, 108, 121, 124, 140, 142, 161, 165, 178, 181, 211, 216, 220, 235, 236, 237, 238, 239, 240, 242, 243, 250, 257, 291, 297, 298, 299, 300, 302], "excluded_lines": [], "functions": {"SchemaMapper.__init__": {"executed_lines": [27], "summary": {"covered_lines": 1, "num_statements": 1, "percent_covered": 100.0, "percent_covered_display": "100", "missing_lines": 0, "excluded_lines": 0, "percent_statements_covered": 100.0, "percent_statements_covered_display": "100"}, "missing_lines": [], "excluded_lines": []}, "SchemaMapper.map_to_market_data": {"executed_lines": [40, 41, 44, 48, 51, 52, 54, 55, 58, 59, 60, 61, 62, 63, 64, 67, 71, 72, 74, 76, 77, 79, 81, 85, 88, 90], "summary": {"covered_lines": 26, "num_statements": 29, "percent_covered": 89.65517241379311, "percent_covered_display": "90", "missing_lines": 3, "excluded_lines": 0, "percent_statements_covered": 89.65517241379311, "percent_statements_covered_display": "90"}, "missing_lines": [45, 82, 83], "excluded_lines": []}, "SchemaMapper.map_to_forex_rates": {"executed_lines": [103, 107, 111, 114, 115, 116, 117, 118, 120, 123, 130, 139, 141, 145, 147], "summary": {"covered_lines": 15, "num_statements": 21, "percent_covered": 71.42857142857143, "percent_covered_display": "71", "missing_lines": 6, "excluded_lines": 0, "percent_statements_covered": 71.42857142857143, "percent_statements_covered_display": "71"}, "missing_lines": [104, 108, 121, 124, 140, 142], "excluded_lines": []}, "SchemaMapper.map_to_bond_rates": {"executed_lines": [160, 164, 168, 171, 172, 173, 174, 175, 177, 180, 186, 195, 197], "summary": {"covered_lines": 13, "num_statements": 17, "percent_covered": 76.47058823529412, "percent_covered_display": "76", "missing_lines": 4, "excluded_lines": 0, "percent_statements_covered": 76.47058823529412, "percent_statements_covered_display": "76"}, "missing_lines": [161, 165, 178, 181], "excluded_lines": []}, "SchemaMapper.map_to_economic_data": {"executed_lines": [210, 214, 219, 223, 227, 228, 229, 230, 231, 234, 248, 263, 272, 274], "summary": {"covered_lines": 14, "num_statements": 27, "percent_covered": 51.851851851851855, "percent_covered_display": "52", "missing_lines": 13, "excluded_lines": 0, "percent_statements_covered": 51.851851851851855, "percent_statements_covered_display": "52"}, "missing_lines": [211, 216, 220, 235, 236, 237, 238, 239, 240, 242, 243, 250, 257], "excluded_lines": []}, "SchemaMapper.map_data": {"executed_lines": [288, 290, 293, 294, 295, 296], "summary": {"covered_lines": 6, "num_statements": 12, "percent_covered": 50.0, "percent_covered_display": "50", "missing_lines": 6, "excluded_lines": 0, "percent_statements_covered": 50.0, "percent_statements_covered_display": "50"}, "missing_lines": [291, 297, 298, 299, 300, 302], "excluded_lines": []}, "": {"executed_lines": [1, 3, 4, 5, 7, 9, 12, 13, 16, 25, 29, 92, 149, 199, 276], "summary": {"covered_lines": 13, "num_statements": 13, "percent_covered": 100.0, "percent_covered_display": "100", "missing_lines": 0, "excluded_lines": 0, "percent_statements_covered": 100.0, "percent_statements_covered_display": "100"}, "missing_lines": [], "excluded_lines": []}}, "classes": {"SchemaMapper": {"executed_lines": [27, 40, 41, 44, 48, 51, 52, 54, 55, 58, 59, 60, 61, 62, 63, 64, 67, 71, 72, 74, 76, 77, 79, 81, 85, 88, 90, 103, 107, 111, 114, 115, 116, 117, 118, 120, 123, 130, 139, 141, 145, 147, 160, 164, 168, 171, 172, 173, 174, 175, 177, 180, 186, 195, 197, 210, 214, 219, 223, 227, 228, 229, 230, 231, 234, 248, 263, 272, 274, 288, 290, 293, 294, 295, 296], "summary": {"covered_lines": 75, "num_statements": 107, "percent_covered": 70.09345794392523, "percent_covered_display": "70", "missing_lines": 32, "excluded_lines": 0, "percent_statements_covered": 70.09345794392523, "percent_statements_covered_display": "70"}, "missing_lines": [45, 82, 83, 104, 108, 121, 124, 140, 142, 161, 165, 178, 181, 211, 216, 220, 235, 236, 237, 238, 239, 240, 242, 243, 250, 257, 291, 297, 298, 299, 300, 302], "excluded_lines": []}, "": {"executed_lines": [1, 3, 4, 5, 7, 9, 12, 13, 16, 25, 29, 92, 149, 199, 276], "summary": {"covered_lines": 13, "num_statements": 13, "percent_covered": 100.0, "percent_covered_display": "100", "missing_lines": 0, "excluded_lines": 0, "percent_statements_covered": 100.0, "percent_statements_covered_display": "100"}, "missing_lines": [], "excluded_lines": []}}}, "src\\investment_platform\\main.py": {"executed_lines": [], "summary": {"covered_lines": 0, "num_statements": 5, "percent_covered": 0.0, "percent_covered_display": "0", "missing_lines": 5, "excluded_lines": 0, "percent_statements_covered": 0.0, "percent_statements_covered_display": "0"}, "missing_lines": [4, 6, 7, 10, 11], "excluded_lines": [], "functions": {"main": {"executed_lines": [], "summary": {"covered_lines": 0, "num_statements": 2, "percent_covered": 0.0, "percent_covered_display": "0", "missing_lines": 2, "excluded_lines": 0, "percent_statements_covered": 0.0, "percent_statements_covered_display": "0"}, "missing_lines": [6, 7], "excluded_lines": []}, "": {"executed_lines": [], "summary": {"covered_lines": 0, "num_statements": 3, "percent_covered": 0.0, "percent_covered_display": "0", "missing_lines": 3, "excluded_lines": 0, "percent_statements_covered": 0.0, "percent_statements_covered_display": "0"}, "missing_lines": [4, 10, 11], "excluded_lines": []}}, "classes": {"": {"executed_lines": [], "summary": {"covered_lines": 0, "num_statements": 5, "percent_covered": 0.0, "percent_covered_display": "0", "missing_lines": 5, "excluded_lines": 0, "percent_statements_covered": 0.0, "percent_statements_covered_display": "0"}, "missing_lines": [4, 6, 7, 10, 11], "excluded_lines": []}}}}, "totals": {"covered_lines": 1162, "num_statements": 3400, "percent_covered": 34.1764705882353, "percent_covered_display": "34", "missing_lines": 2238, "excluded_lines": 0, "percent_statements_covered": 34.1764705882353, "percent_statements_covered_display": "34"}}